2023-10-10 23:24:31.343 [info] Getting Manifest... iocave.customize-ui
2023-10-10 23:24:32.276 [info] Installing extension: iocave.customize-ui
2023-10-10 23:24:33.721 [info] Getting Manifest... iocave.monkey-patch
2023-10-10 23:24:36.930 [info] Installing extension: iocave.monkey-patch iocave.customize-ui
2023-10-10 23:24:45.280 [info] Extension signature verification is not done: iocave.monkey-patch
2023-10-10 23:24:46.365 [info] Extracted extension to file:///home/manoj/.vscode-oss/extensions/iocave.monkey-patch-0.1.16-universal: iocave.monkey-patch
2023-10-10 23:24:46.427 [info] Renamed to /home/manoj/.vscode-oss/extensions/iocave.monkey-patch-0.1.16-universal
2023-10-10 23:24:46.464 [info] Extracting extension completed. iocave.monkey-patch
2023-10-10 23:24:46.896 [error] [uncaught exception in sharedProcess]: Error: ENOENT: no such file or directory, stat '/home/manoj/.vscode-oss/extensions/extensions.json.vsctmp': EntryNotFound (FileSystemError): Error: ENOENT: no such file or directory, stat '/home/manoj/.vscode-oss/extensions/extensions.json.vsctmp'
    at s.create (/usr/lib/code/out/vs/code/node/sharedProcess/sharedProcessMain.js:51:30209)
    at i (/usr/lib/code/out/vs/code/node/sharedProcess/sharedProcessMain.js:51:30329)
    at t.eb (/usr/lib/code/out/vs/code/node/sharedProcess/sharedProcessMain.js:56:35625)
    at t.stat (/usr/lib/code/out/vs/code/node/sharedProcess/sharedProcessMain.js:56:28201)
    at async w.stat (/usr/lib/code/out/vs/code/node/sharedProcess/sharedProcessMain.js:56:15579)
    at async Q.tb (/usr/lib/code/out/vs/code/node/sharedProcess/sharedProcessMain.js:109:9514)
2023-10-10 23:24:51.245 [info] Extension signature verification is not done: iocave.customize-ui
2023-10-10 23:24:51.773 [info] Extracted extension to file:///home/manoj/.vscode-oss/extensions/iocave.customize-ui-0.1.65-universal: iocave.customize-ui
2023-10-10 23:24:51.877 [info] Renamed to /home/manoj/.vscode-oss/extensions/iocave.customize-ui-0.1.65-universal
2023-10-10 23:24:51.891 [info] Extracting extension completed. iocave.customize-ui
2023-10-10 23:24:52.090 [info] Extension installed successfully: iocave.monkey-patch
2023-10-10 23:24:52.114 [info] Extension installed successfully: iocave.customize-ui
2023-10-10 23:24:52.174 [error] [uncaught exception in sharedProcess]: Error: ENOENT: no such file or directory, stat '/home/manoj/.vscode-oss/extensions/extensions.json.vsctmp': EntryNotFound (FileSystemError): Error: ENOENT: no such file or directory, stat '/home/manoj/.vscode-oss/extensions/extensions.json.vsctmp'
    at s.create (/usr/lib/code/out/vs/code/node/sharedProcess/sharedProcessMain.js:51:30209)
    at i (/usr/lib/code/out/vs/code/node/sharedProcess/sharedProcessMain.js:51:30329)
    at t.eb (/usr/lib/code/out/vs/code/node/sharedProcess/sharedProcessMain.js:56:35625)
    at t.stat (/usr/lib/code/out/vs/code/node/sharedProcess/sharedProcessMain.js:56:28201)
    at async w.stat (/usr/lib/code/out/vs/code/node/sharedProcess/sharedProcessMain.js:56:15579)
    at async Q.tb (/usr/lib/code/out/vs/code/node/sharedProcess/sharedProcessMain.js:109:9514)
