2023-10-11 22:37:14.527 [info] Log level: Info
2023-10-11 22:37:14.527 [info] Validating found git in: "git"
2023-10-11 22:37:14.527 [info] Using git "2.42.0" from "git"
2023-10-11 22:37:14.527 [info] > git rev-parse --show-toplevel [3288ms]
2023-10-11 22:37:14.578 [info] > git rev-parse --git-dir --git-common-dir [83ms]
2023-10-11 22:37:14.655 [info] Open repository: /home/manoj/system/rashtriya-tv
2023-10-11 22:37:14.739 [info] > git config --get commit.template [41ms]
2023-10-11 22:37:14.746 [info] > git rev-parse --show-toplevel [24ms]
2023-10-11 22:37:14.914 [info] > git for-each-ref --format=%(refname)%00%(upstream:short)%00%(objectname)%00%(upstream:track)%00%(upstream:remotename)%00%(upstream:remoteref) refs/heads/main refs/remotes/main [129ms]
2023-10-11 22:37:15.011 [info] > git rev-parse --show-toplevel [100ms]
2023-10-11 22:37:15.060 [info] > git status -z -uall [53ms]
2023-10-11 22:37:15.412 [info] > git rev-parse --show-toplevel [354ms]
2023-10-11 22:37:15.522 [info] > git config --get commit.template [111ms]
2023-10-11 22:37:15.579 [info] > git for-each-ref --format=%(refname)%00%(upstream:short)%00%(objectname)%00%(upstream:track)%00%(upstream:remotename)%00%(upstream:remoteref) refs/heads/main refs/remotes/main [61ms]
2023-10-11 22:37:15.943 [info] > git status -z -uall [141ms]
2023-10-11 22:37:19.711 [info] > git check-ignore -v -z --stdin [8ms]
2023-10-11 22:39:50.116 [info] > git config --get commit.template [69ms]
2023-10-11 22:39:50.409 [info] > git for-each-ref --format=%(refname)%00%(upstream:short)%00%(objectname)%00%(upstream:track)%00%(upstream:remotename)%00%(upstream:remoteref) refs/heads/main refs/remotes/main [159ms]
2023-10-11 22:39:50.619 [info] > git status -z -uall [54ms]
2023-10-11 22:40:02.817 [info] > git config --get commit.template [7ms]
2023-10-11 22:40:02.928 [info] > git for-each-ref --format=%(refname)%00%(upstream:short)%00%(objectname)%00%(upstream:track)%00%(upstream:remotename)%00%(upstream:remoteref) refs/heads/main refs/remotes/main [64ms]
2023-10-11 22:40:03.142 [info] > git status -z -uall [39ms]
2023-10-11 22:40:11.282 [info] > git config --get commit.template [57ms]
2023-10-11 22:40:11.298 [info] > git for-each-ref --format=%(refname)%00%(upstream:short)%00%(objectname)%00%(upstream:track)%00%(upstream:remotename)%00%(upstream:remoteref) refs/heads/main refs/remotes/main [22ms]
2023-10-11 22:40:11.358 [info] > git status -z -uall [17ms]
2023-10-11 22:40:12.058 [info] > git show --textconv :src/app/page.js [162ms]
2023-10-11 22:40:12.208 [info] > git ls-files --stage -- /home/manoj/system/rashtriya-tv/src/app/page.js [212ms]
2023-10-11 22:40:12.331 [info] > git cat-file -s 941d13766cc7b2ad302e8629bb81fd666181ce33 [47ms]
2023-10-11 22:43:00.628 [info] > git config --get commit.template [298ms]
2023-10-11 22:43:00.630 [info] > git for-each-ref --format=%(refname)%00%(upstream:short)%00%(objectname)%00%(upstream:track)%00%(upstream:remotename)%00%(upstream:remoteref) refs/heads/main refs/remotes/main [19ms]
2023-10-11 22:43:01.087 [info] > git status -z -uall [195ms]
