2023-10-06T02:43:11.101Z 0: 

----------------------------------------------
2023-10-06T02:43:11.354Z 1: Discord starting: {"releaseChannel":"stable","version":"0.0.31"}, modulepath: /home/manoj/.config/discord/0.0.31/modules
2023-10-06T02:43:11.488Z 2: ✅ webContents.created web1 "index.html"
2023-10-06T02:43:11.612Z 3: ✅ window.created win1 "discord"
2023-10-06T02:43:13.671Z 4: ✅ webContents.did-finish-load web1
2023-10-06T02:44:05.888Z 5: ✅ webContents.created web2 ""
2023-10-06T02:44:05.963Z 6: ✅ window.created win2 "Discord"
2023-10-06T02:44:36.246Z 7: ✅ webContents.did-finish-load web2
2023-10-06T02:44:36.491Z 8: window.close win1
2023-10-06T02:44:36.595Z 9: webContents.destroyed web1
2023-10-06T02:44:36.670Z 10: window.closed win1
2023-10-06T04:07:11.366Z 11: window.close win2
2023-10-06T06:18:07.446Z 0: 

----------------------------------------------
2023-10-06T06:18:08.696Z 1: Discord starting: {"releaseChannel":"stable","version":"0.0.31"}, modulepath: /home/manoj/.config/discord/0.0.31/modules
2023-10-06T06:18:09.089Z 2: ✅ webContents.created web1 ""
2023-10-06T06:18:09.424Z 3: ✅ window.created win1 "discord"
2023-10-06T06:18:20.560Z 4: ✅ webContents.created web2 ""
2023-10-06T06:18:20.687Z 5: ✅ window.created win2 "Discord"
2023-10-06T06:18:20.865Z 6: ✅ webContents.did-finish-load web1
2023-10-06T06:18:41.082Z 7: ✅ webContents.did-finish-load web2
2023-10-06T06:18:41.429Z 8: window.close win1
2023-10-06T06:18:41.551Z 9: webContents.destroyed web1
2023-10-06T06:18:41.653Z 10: window.closed win1
2023-10-06T07:25:13.561Z 11: window.close win2
2023-10-06T07:29:57.187Z 12: window.close win2
2023-10-06T07:29:57.416Z 13: webContents.destroyed web2
2023-10-06T07:29:57.748Z 14: window.closed win2
2023-10-06T10:43:27.678Z 0: 

----------------------------------------------
2023-10-06T10:43:27.851Z 1: Discord starting: {"releaseChannel":"stable","version":"0.0.31"}, modulepath: /home/manoj/.config/discord/0.0.31/modules
2023-10-06T10:43:27.921Z 2: ✅ webContents.created web1 "index.html"
2023-10-06T10:43:27.989Z 3: ✅ window.created win1 "discord"
2023-10-06T10:43:28.668Z 4: ✅ webContents.did-finish-load web1
2023-10-06T10:43:29.577Z 5: ✅ webContents.created web2 ""
2023-10-06T10:43:29.626Z 6: ✅ window.created win2 "Discord"
2023-10-06T10:43:47.347Z 7: ✅ webContents.did-finish-load web2
2023-10-06T10:43:47.441Z 8: window.close win1
2023-10-06T10:43:47.634Z 9: webContents.destroyed web1
2023-10-06T10:43:47.700Z 10: window.closed win1
2023-10-06T10:56:30.900Z 11: window.close win2
2023-10-06T10:56:31.162Z 12: webContents.destroyed web2
2023-10-06T15:28:18.807Z 0: 

----------------------------------------------
2023-10-06T15:28:19.192Z 0: 

----------------------------------------------
2023-10-06T15:28:19.683Z 1: Discord starting: {"releaseChannel":"stable","version":"0.0.31"}, modulepath: /home/manoj/.config/discord/0.0.31/modules
2023-10-06T15:28:20.015Z 2: ✅ webContents.created web1 ""
2023-10-06T15:28:20.349Z 3: ✅ window.created win1 "discord"
2023-10-06T15:28:38.913Z 4: ✅ webContents.created web2 ""
2023-10-06T15:28:39.180Z 5: ✅ window.created win2 "Discord"
2023-10-06T15:28:39.450Z 6: ✅ webContents.did-finish-load web1
2023-10-06T15:29:15.774Z 7: ✅ webContents.did-finish-load web2
2023-10-06T15:29:15.862Z 8: window.close win1
2023-10-06T15:29:15.918Z 9: webContents.destroyed web1
2023-10-06T15:29:15.985Z 10: window.closed win1
2023-10-06T20:43:51.230Z 11: window.close win2
2023-10-07T06:46:54.770Z 0: 

----------------------------------------------
2023-10-07T06:46:56.590Z 1: Discord starting: {"releaseChannel":"stable","version":"0.0.31"}, modulepath: /home/manoj/.config/discord/0.0.31/modules
2023-10-07T06:46:56.846Z 2: ✅ webContents.created web1 ""
2023-10-07T06:46:57.080Z 3: ✅ window.created win1 "discord"
2023-10-07T06:47:17.924Z 4: ✅ webContents.created web2 ""
2023-10-07T06:47:18.293Z 5: ✅ window.created win2 "Discord"
2023-10-07T06:47:18.836Z 6: ✅ webContents.did-finish-load web1
2023-10-07T06:48:02.957Z 7: ✅ webContents.did-finish-load web2
2023-10-07T06:48:03.310Z 8: window.close win1
2023-10-07T06:48:03.441Z 9: webContents.destroyed web1
2023-10-07T06:48:03.526Z 10: window.closed win1
2023-10-07T06:51:20.925Z 11: window.close win2
2023-10-07T06:53:59.025Z 0: 

----------------------------------------------
2023-10-07T06:53:59.293Z 1: Discord starting: {"releaseChannel":"stable","version":"0.0.31"}, modulepath: /home/manoj/.config/discord/0.0.31/modules
2023-10-07T06:54:04.509Z 12: window.close win2
2023-10-07T08:06:39.846Z 13: window.close win2
2023-10-07T08:06:39.901Z 14: webContents.destroyed web2
2023-10-07T08:18:15.936Z 0: 

----------------------------------------------
2023-10-07T08:18:16.285Z 1: Discord starting: {"releaseChannel":"stable","version":"0.0.31"}, modulepath: /home/manoj/.config/discord/0.0.31/modules
2023-10-07T08:18:16.422Z 2: ✅ webContents.created web1 ""
2023-10-07T08:18:16.634Z 3: ✅ window.created win1 "discord"
2023-10-07T08:18:23.865Z 4: ✅ webContents.did-finish-load web1
2023-10-07T08:18:25.411Z 5: ✅ webContents.created web2 ""
2023-10-07T08:18:25.591Z 6: ✅ window.created win2 "Discord"
2023-10-07T08:18:59.512Z 7: ✅ webContents.did-finish-load web2
2023-10-07T08:18:59.914Z 8: window.close win1
2023-10-07T08:19:00.200Z 9: webContents.destroyed web1
2023-10-07T08:19:00.264Z 10: window.closed win1
2023-10-07T08:23:33.150Z 11: window.close win2
2023-10-07T08:47:12.395Z 12: window.close win2
2023-10-07T08:47:12.443Z 13: webContents.destroyed web2
2023-10-07T11:47:18.937Z 0: 

----------------------------------------------
2023-10-07T11:47:19.325Z 1: Discord starting: {"releaseChannel":"stable","version":"0.0.31"}, modulepath: /home/manoj/.config/discord/0.0.31/modules
2023-10-07T11:47:19.635Z 2: ✅ webContents.created web1 ""
2023-10-07T11:47:19.811Z 3: ✅ window.created win1 "discord"
2023-10-07T11:47:29.806Z 4: ✅ webContents.created web2 ""
2023-10-07T11:47:29.936Z 5: ✅ window.created win2 "Discord"
2023-10-07T11:47:30.081Z 6: ✅ webContents.did-finish-load web1
2023-10-07T11:47:54.568Z 7: ✅ webContents.did-finish-load web2
2023-10-07T11:47:54.666Z 8: window.close win1
2023-10-07T11:47:54.719Z 9: webContents.destroyed web1
2023-10-07T11:47:54.797Z 10: window.closed win1
2023-10-07T11:47:58.384Z 11: window.close win2
2023-10-07T11:48:21.020Z 0: 

----------------------------------------------
2023-10-07T11:48:21.152Z 1: Discord starting: {"releaseChannel":"stable","version":"0.0.31"}, modulepath: /home/manoj/.config/discord/0.0.31/modules
2023-10-07T13:44:23.307Z 12: window.close win2
2023-10-07T17:08:58.672Z 0: 

----------------------------------------------
2023-10-07T17:08:59.031Z 1: Discord starting: {"releaseChannel":"stable","version":"0.0.31"}, modulepath: /home/manoj/.config/discord/0.0.31/modules
2023-10-07T17:08:59.209Z 2: ✅ webContents.created web1 ""
2023-10-07T17:08:59.357Z 3: ✅ window.created win1 "discord"
2023-10-07T17:09:01.949Z 4: ✅ webContents.did-finish-load web1
2023-10-07T17:09:02.544Z 5: ✅ webContents.created web2 ""
2023-10-07T17:09:02.645Z 6: ✅ window.created win2 "Discord"
2023-10-07T17:09:14.591Z 7: ✅ webContents.did-finish-load web2
2023-10-07T17:09:14.691Z 8: window.close win1
2023-10-07T17:09:14.734Z 9: webContents.destroyed web1
2023-10-07T17:09:14.777Z 10: window.closed win1
2023-10-07T18:43:03.210Z 11: window.close win2
2023-10-07T18:43:03.668Z 12: webContents.destroyed web2
2023-10-07T19:13:10.256Z 0: 

----------------------------------------------
2023-10-07T19:13:10.363Z 1: Discord starting: {"releaseChannel":"stable","version":"0.0.31"}, modulepath: /home/manoj/.config/discord/0.0.31/modules
2023-10-07T19:13:10.405Z 2: ✅ webContents.created web1 ""
2023-10-07T19:13:10.448Z 3: ✅ window.created win1 "discord"
2023-10-07T19:13:10.848Z 4: ✅ webContents.did-finish-load web1
2023-10-07T19:13:11.494Z 5: ✅ webContents.created web2 ""
2023-10-07T19:13:11.581Z 6: ✅ window.created win2 "Discord"
2023-10-07T19:13:27.099Z 7: ✅ webContents.did-finish-load web2
2023-10-07T19:13:27.463Z 8: window.close win1
2023-10-07T19:13:27.531Z 9: webContents.destroyed web1
2023-10-07T19:13:27.682Z 10: window.closed win1
2023-10-07T19:13:57.858Z 11: window.close win2
2023-10-07T19:13:58.871Z 12: webContents.destroyed web2
2023-10-08T06:22:11.657Z 0: 

----------------------------------------------
2023-10-08T06:22:11.974Z 0: 

----------------------------------------------
2023-10-08T06:22:12.042Z 1: Discord starting: {"releaseChannel":"stable","version":"0.0.31"}, modulepath: /home/manoj/.config/discord/0.0.31/modules
2023-10-08T06:22:12.366Z 2: ✅ webContents.created web1 ""
2023-10-08T06:22:12.605Z 3: ✅ window.created win1 "discord"
2023-10-08T06:22:26.313Z 4: ✅ webContents.did-finish-load web1
2023-10-08T06:22:32.106Z 5: ✅ webContents.created web2 ""
2023-10-08T06:22:32.396Z 6: ✅ window.created win2 "Discord"
2023-10-08T06:23:19.923Z 7: ✅ webContents.did-finish-load web2
2023-10-08T06:23:20.023Z 8: window.close win1
2023-10-08T06:23:20.153Z 9: webContents.destroyed web1
2023-10-08T06:23:20.214Z 10: window.closed win1
2023-10-08T06:23:25.133Z 11: ✅ webContents.did-finish-load web2
2023-10-08T09:15:42.086Z 12: window.close win2
2023-10-08T10:11:31.947Z 13: window.close win2
2023-10-08T13:08:18.219Z 14: window.close win2
2023-10-08T13:08:18.260Z 15: webContents.destroyed web2
2023-10-08T13:08:22.200Z 0: 

----------------------------------------------
2023-10-08T13:08:22.408Z 1: Discord starting: {"releaseChannel":"stable","version":"0.0.31"}, modulepath: /home/manoj/.config/discord/0.0.31/modules
2023-10-08T13:08:22.459Z 2: ✅ webContents.created web1 "index.html"
2023-10-08T13:08:22.536Z 3: ✅ window.created win1 "discord"
2023-10-08T13:08:22.832Z 4: ✅ webContents.did-finish-load web1
2023-10-08T13:08:23.410Z 5: ✅ webContents.created web2 ""
2023-10-08T13:08:23.476Z 6: ✅ window.created win2 "Discord"
2023-10-08T13:08:36.652Z 7: ✅ webContents.did-finish-load web2
2023-10-08T13:08:36.738Z 8: window.close win1
2023-10-08T13:08:36.867Z 9: webContents.destroyed web1
2023-10-08T13:08:36.934Z 10: window.closed win1
2023-10-08T13:11:22.764Z 11: window.close win2
2023-10-08T13:11:25.565Z 12: window.close win2
2023-10-08T13:11:29.869Z 0: 

----------------------------------------------
2023-10-08T13:11:29.954Z 1: Discord starting: {"releaseChannel":"stable","version":"0.0.31"}, modulepath: /home/manoj/.config/discord/0.0.31/modules
2023-10-08T13:11:29.998Z 2: ✅ webContents.created web1 "index.html"
2023-10-08T13:11:30.040Z 3: ✅ window.created win1 "discord"
2023-10-08T13:11:30.336Z 4: ✅ webContents.did-finish-load web1
2023-10-08T13:11:30.892Z 5: ✅ webContents.created web2 ""
2023-10-08T13:11:30.956Z 6: ✅ window.created win2 "Discord"
2023-10-08T13:11:44.396Z 7: ✅ webContents.did-finish-load web2
2023-10-08T13:11:44.500Z 8: window.close win1
2023-10-08T13:11:44.731Z 9: webContents.destroyed web1
2023-10-08T13:11:44.910Z 10: window.closed win1
2023-10-08T19:36:50.562Z 11: window.close win2
2023-10-08T19:36:50.786Z 12: webContents.destroyed web2
2023-10-09T10:54:00.335Z 0: 

----------------------------------------------
2023-10-09T10:54:02.127Z 0: 

----------------------------------------------
2023-10-09T10:54:02.514Z 1: Discord starting: {"releaseChannel":"stable","version":"0.0.31"}, modulepath: /home/manoj/.config/discord/0.0.31/modules
2023-10-09T10:54:02.641Z 2: ✅ webContents.created web1 ""
2023-10-09T10:54:02.834Z 3: ✅ window.created win1 "discord"
2023-10-09T10:54:17.827Z 4: ✅ webContents.created web2 ""
2023-10-09T10:54:17.989Z 5: ✅ window.created win2 "Discord"
2023-10-09T10:54:18.149Z 6: ✅ webContents.did-finish-load web1
2023-10-09T10:54:51.693Z 7: ✅ webContents.did-finish-load web2
2023-10-09T10:54:51.780Z 8: window.close win1
2023-10-09T10:54:51.927Z 9: webContents.destroyed web1
2023-10-09T10:54:51.996Z 10: window.closed win1
2023-10-09T10:55:18.353Z 11: window.close win2
2023-10-09T10:55:20.484Z 0: 

----------------------------------------------
2023-10-09T10:55:20.578Z 1: Discord starting: {"releaseChannel":"stable","version":"0.0.31"}, modulepath: /home/manoj/.config/discord/0.0.31/modules
2023-10-09T10:55:22.515Z 12: window.close win2
2023-10-09T10:55:24.697Z 0: 

----------------------------------------------
2023-10-09T10:55:24.775Z 1: Discord starting: {"releaseChannel":"stable","version":"0.0.31"}, modulepath: /home/manoj/.config/discord/0.0.31/modules
2023-10-09T10:55:24.808Z 2: ✅ webContents.created web1 "index.html"
2023-10-09T10:55:24.841Z 3: ✅ window.created win1 "discord"
2023-10-09T10:55:25.026Z 4: ✅ webContents.did-finish-load web1
2023-10-09T10:55:25.524Z 5: ✅ webContents.created web2 ""
2023-10-09T10:55:25.587Z 6: ✅ window.created win2 "Discord"
2023-10-09T10:55:47.329Z 7: ✅ webContents.did-finish-load web2
2023-10-09T10:55:47.625Z 8: window.close win1
2023-10-09T10:55:47.775Z 9: webContents.destroyed web1
2023-10-09T10:55:47.881Z 10: window.closed win1
2023-10-09T11:14:48.462Z 11: window.close win2
2023-10-09T11:14:50.419Z 12: window.close win2
2023-10-09T11:14:53.623Z 0: 

----------------------------------------------
2023-10-09T11:14:53.721Z 1: Discord starting: {"releaseChannel":"stable","version":"0.0.31"}, modulepath: /home/manoj/.config/discord/0.0.31/modules
2023-10-09T11:14:53.758Z 2: ✅ webContents.created web1 ""
2023-10-09T11:14:53.790Z 3: ✅ window.created win1 "discord"
2023-10-09T11:14:54.246Z 4: ✅ webContents.did-finish-load web1
2023-10-09T11:14:54.835Z 5: ✅ webContents.created web2 ""
2023-10-09T11:14:54.904Z 6: ✅ window.created win2 "Discord"
2023-10-09T11:15:09.672Z 7: ✅ webContents.did-finish-load web2
2023-10-09T11:15:09.763Z 8: window.close win1
2023-10-09T11:15:09.875Z 9: webContents.destroyed web1
2023-10-09T11:15:09.936Z 10: window.closed win1
2023-10-09T11:16:04.714Z 11: ✅ webContents.created web3 ""
2023-10-09T11:16:04.782Z 12: ✅ window.created win3 "Discord Popout"
2023-10-09T11:16:05.592Z 13: ✅ webContents.did-finish-load web3
2023-10-09T11:16:18.154Z 14: window.close win2
2023-10-09T11:16:18.249Z 15: window.close win3
2023-10-09T11:16:18.489Z 16: window.close win3
2023-10-09T11:16:24.225Z 0: 

----------------------------------------------
2023-10-09T11:16:24.379Z 1: Discord starting: {"releaseChannel":"stable","version":"0.0.31"}, modulepath: /home/manoj/.config/discord/0.0.31/modules
2023-10-09T11:16:24.424Z 2: ✅ webContents.created web1 "index.html"
2023-10-09T11:16:24.454Z 3: ✅ window.created win1 "discord"
2023-10-09T11:16:25.022Z 4: ✅ webContents.did-finish-load web1
2023-10-09T11:16:25.842Z 5: ✅ webContents.created web2 ""
2023-10-09T11:16:25.890Z 6: ✅ window.created win2 "Discord"
2023-10-09T11:16:41.093Z 7: ✅ webContents.did-finish-load web2
2023-10-09T11:16:41.398Z 8: window.close win1
2023-10-09T11:16:41.498Z 9: webContents.destroyed web1
2023-10-09T11:16:41.608Z 10: window.closed win1
2023-10-09T11:17:45.797Z 11: window.close win2
2023-10-09T11:17:54.628Z 0: 

----------------------------------------------
2023-10-09T11:17:54.737Z 1: Discord starting: {"releaseChannel":"stable","version":"0.0.31"}, modulepath: /home/manoj/.config/discord/0.0.31/modules
2023-10-09T11:18:31.485Z 12: window.close win2
2023-10-09T11:29:12.535Z 13: window.close win2
2023-10-09T11:29:13.778Z 0: 

----------------------------------------------
2023-10-09T11:29:13.897Z 1: Discord starting: {"releaseChannel":"stable","version":"0.0.31"}, modulepath: /home/manoj/.config/discord/0.0.31/modules
2023-10-09T11:29:18.165Z 0: 

----------------------------------------------
2023-10-09T11:29:18.281Z 1: Discord starting: {"releaseChannel":"stable","version":"0.0.31"}, modulepath: /home/manoj/.config/discord/0.0.31/modules
2023-10-09T11:31:24.095Z 0: 

----------------------------------------------
2023-10-09T11:31:24.154Z 1: Discord starting: {"releaseChannel":"stable","version":"0.0.31"}, modulepath: /home/manoj/.config/discord/0.0.31/modules
2023-10-09T11:31:24.196Z 2: ✅ webContents.created web1 "index.html"
2023-10-09T11:31:24.225Z 3: ✅ window.created win1 "discord"
2023-10-09T11:31:24.258Z 4: Wrote 229232 byte minidump to /home/manoj/.config/discord/0.0.31/modules/crashlogs/2023_10_09T11_31_24_187Z-0-minidump.dmp
2023-10-09T11:31:24.292Z 5: Sentry report: {"sdk":{"name":"sentry.javascript.electron","packages":[{"name":"npm:@sentry/electron","version":"4.12.0"}],"version":"4.12.0","integrations":["SentryMinidump","ElectronBreadcrumbs","Net","MainContext","ChildProcess","OnUncaughtException","PreloadInjection","AdditionalContext","Screenshots","InboundFilters","FunctionToString","Console","Http","Undici","OnUnhandledRejection","ContextLines","LocalVariables","Modules","RequestData","LinkedErrors"]},"contexts":{"trace":{"trace_id":"f022128c8fdd4ed5a7dd922f6c6fd48e","span_id":"a3264ff62d6d1a1a"},"app":{"app_name":"discord","app_version":"0.0.31","app_start_time":"2023-10-09T11:16:23.042Z"},"os":{"kernel_version":"6.5.5-arch1-1","name":"Arch Linux"},"browser":{"name":"Chrome"},"chrome":{"name":"Chrome","type":"runtime","version":"108.0.5359.215"},"device":{"arch":"x64","family":"Desktop","language":"en-US","screen_density":1,"screen_resolution":"1600x900","memory_size":8213975040,"free_memory":3170873344,"processor_count":4,"cpu_description":"Intel(R) Core(TM) i3-4130 CPU @ 3.40GHz","processor_frequency":3392},"node":{"name":"Node","type":"runtime","version":"16.17.1"},"runtime":{"name":"Electron","version":"22.3.25"}},"environment":"stable","release":"0.0.31","user":{"ip_address":"{{auto}}","id":"1127538165759090689","username":"_painish_","email":"tanishvashisth57060@gmail.com"},"tags":{"event.origin":"electron","event.environment":"native","event.process":"browser","event_type":"native","nativeBuildNumber":"null"},"level":"fatal","platform":"native","breadcrumbs":[{"timestamp":1696850260.965,"category":"ui.click","message":"div.contents-3NembX > svg"},{"timestamp":1696850265.203,"category":"ui.click","message":"div.contents-3NembX > svg"},{"timestamp":1696850265.749,"category":"electron","message":"window.close","type":"ui","data":{"id":2,"url":"https://discord.com/channels/1028565646071574559/1028565647094972447"}},{"timestamp":1696850265.791,"category":"electron","message":"window.hide","type":"ui","data":{"id":2,"url":"https://discord.com/channels/1028565646071574559/1028565647094972447"}},{"timestamp":1696850265.797,"category":"console","level":"log","message":"blackbox: 2023-10-09T11:17:45.797Z 11 window.close win2"},{"timestamp":1696850265.835,"category":"electron","message":"window.blur","type":"ui","data":{"id":2,"url":"https://discord.com/channels/1028565646071574559/1028565647094972447"}},{"timestamp":1696850265.836,"category":"electron","message":"app.browser-window-blur","type":"ui"},{"timestamp":1696850273.853,"category":"electron","message":"app.second-instance","type":"ui"},{"timestamp":1696850273.861,"category":"electron","message":"window.show","type":"ui","data":{"id":2,"url":"https://discord.com/channels/1028565646071574559/1028565647094972447"}},{"timestamp":1696850273.862,"category":"electron","message":"window.show","type":"ui","data":{"id":2,"url":"https://discord.com/channels/1028565646071574559/1028565647094972447"}},{"timestamp":1696850273.882,"category":"electron","message":"window.focus","type":"ui","data":{"id":2,"url":"https://discord.com/channels/1028565646071574559/1028565647094972447"}},{"timestamp":1696850273.882,"category":"electron","message":"app.browser-window-focus","type":"ui"},{"timestamp":1696850275.855,"category":"ui.click","message":"div.childWrapper-1j_1ub > svg > path"},{"timestamp":1696850277.915,"category":"ui.click","message":"div.nameAndDecorators-2A8Bbk > div.name-2m3Cms > div.overflow-1wOqNV"},{"timestamp":1696850281.706,"category":"ui.click","message":"a.link-39sEB3[aria-label=\"sir. (direct message)\"]"},{"timestamp":1696850284.378,"category":"ui.click","message":"div.scrollerContent-2SW0kQ.content-yjf30S > div.pointerCover-3Rp2Fl"},{"timestamp":1696850286.238,"category":"ui.click","message":"a.anchor-1X4H4q.anchorUnderlineOnHover-wiZFZ_.hoverButton-36QWJk[aria-label=\"Download\"]"},{"timestamp":1696850288.627,"category":"ui.click","message":"div.contents-3NembX"},{"timestamp":1696850290.783,"category":"electron","message":"window.blur","type":"ui","data":{"id":2,"url":"https://discord.com/channels/@me/1133090505299853403"}},{"timestamp":1696850290.787,"category":"electron","message":"app.browser-window-blur","type":"ui"},{"timestamp":1696850291.997,"category":"electron","message":"window.focus","type":"ui","data":{"id":2,"url":"https://discord.com/channels/@me/1133090505299853403"}},{"timestamp":1696850291.998,"category":"electron","message":"app.browser-window-focus","type":"ui"},{"timestamp":1696850294.403,"category":"ui.click","message":"svg > path"},{"timestamp":1696850295.659,"category":"electron","message":"window.blur","type":"ui","data":{"id":2,"url":"https://discord.com/channels/@me/1133090505299853403"}},{"timestamp":1696850295.66,"category":"electron","message":"app.browser-window-blur","type":"ui"},{"timestamp":1696850296.533,"category":"ui.click","message":"div.contents-3NembX"},{"timestamp":1696850298.274,"category":"electron","message":"window.focus","type":"ui","data":{"id":2,"url":"https://discord.com/channels/@me/1133090505299853403"}},{"timestamp":1696850298.275,"category":"electron","message":"app.browser-window-focus","type":"ui"},{"timestamp":1696850298.293,"category":"electron","message":"window.blur","type":"ui","data":{"id":2,"url":"https://discord.com/channels/@me/1133090505299853403"}},{"timestamp":1696850298.293,"category":"electron","message":"app.browser-window-blur","type":"ui"},{"timestamp":1696850298.297,"category":"electron","message":"window.focus","type":"ui","data":{"id":2,"url":"https://discord.com/channels/@me/1133090505299853403"}},{"timestamp":1696850298.297,"category":"electron","message":"app.browser-window-focus","type":"ui"},{"timestamp":1696850300.919,"category":"ui.click","message":"span"},{"timestamp":1696850301.501,"category":"electron","message":"window.blur","type":"ui","data":{"id":2,"url":"https://discord.com/channels/@me/1133090505299853403"}},{"timestamp":1696850301.502,"category":"electron","message":"app.browser-window-blur","type":"ui"},{"timestamp":1696850305.856,"category":"electron","message":"window.focus","type":"ui","data":{"id":2,"url":"https://discord.com/channels/@me/1133090505299853403"}},{"timestamp":1696850305.857,"category":"electron","message":"app.browser-window-focus","type":"ui"},{"timestamp":1696850307.02,"category":"ui.click","message":"div#message-accessories-1160848858688004106.container-2sjPya"},{"timestamp":1696850311.451,"category":"electron","message":"window.close","type":"ui","data":{"id":2,"url":"https://discord.com/channels/@me/1133090505299853403"}},{"timestamp":1696850311.48,"category":"electron","message":"window.hide","type":"ui","data":{"id":2,"url":"https://discord.com/channels/@me/1133090505299853403"}},{"timestamp":1696850311.485,"category":"console","level":"log","message":"blackbox: 2023-10-09T11:18:31.485Z 12 window.close win2"},{"timestamp":1696850311.54,"category":"electron","message":"window.blur","type":"ui","data":{"id":2,"url":"https://discord.com/channels/@me/1133090505299853403"}},{"timestamp":1696850311.541,"category":"electron","message":"app.browser-window-blur","type":"ui"},{"timestamp":1696850952.375,"category":"electron","message":"app.second-instance","type":"ui"},{"timestamp":1696850952.385,"category":"electron","message":"window.show","type":"ui","data":{"id":2,"url":"https://discord.com/channels/@me/1133090505299853403"}},{"timestamp":1696850952.408,"category":"electron","message":"window.show","type":"ui","data":{"id":2,"url":"https://discord.com/channels/@me/1133090505299853403"}},{"timestamp":1696850952.423,"category":"electron","message":"window.focus","type":"ui","data":{"id":2,"url":"https://discord.com/channels/@me/1133090505299853403"}},{"timestamp":1696850952.423,"category":"electron","message":"app.browser-window-focus","type":"ui"},{"timestamp":1696850952.529,"category":"electron","message":"window.close","type":"ui","data":{"id":2,"url":"https://discord.com/channels/@me/1133090505299853403"}},{"timestamp":1696850952.535,"category":"electron","message":"window.hide","type":"ui","data":{"id":2,"url":"https://discord.com/channels/@me/1133090505299853403"}},{"timestamp":1696850952.535,"category":"console","level":"log","message":"blackbox: 2023-10-09T11:29:12.535Z 13 window.close win2"},{"timestamp":1696850952.574,"category":"electron","message":"window.blur","type":"ui","data":{"id":2,"url":"https://discord.com/channels/@me/1133090505299853403"}},{"timestamp":1696850952.574,"category":"electron","message":"app.browser-window-blur","type":"ui"},{"timestamp":1696850957.108,"category":"electron","message":"app.second-instance","type":"ui"},{"timestamp":1696850957.114,"category":"electron","message":"window.show","type":"ui","data":{"id":2,"url":"https://discord.com/channels/@me/1133090505299853403"}},{"timestamp":1696850957.115,"category":"electron","message":"window.show","type":"ui","data":{"id":2,"url":"https://discord.com/channels/@me/1133090505299853403"}},{"timestamp":1696850957.122,"category":"electron","message":"window.focus","type":"ui","data":{"id":2,"url":"https://discord.com/channels/@me/1133090505299853403"}},{"timestamp":1696850957.122,"category":"electron","message":"app.browser-window-focus","type":"ui"},{"timestamp":1696850957.167,"category":"electron","message":"window.blur","type":"ui","data":{"id":2,"url":"https://discord.com/channels/@me/1133090505299853403"}},{"timestamp":1696850957.168,"category":"electron","message":"app.browser-window-blur","type":"ui"},{"timestamp":1696850963.025,"category":"electron","message":"window.focus","type":"ui","data":{"id":2,"url":"https://discord.com/channels/@me/1133090505299853403"}},{"timestamp":1696850963.026,"category":"electron","message":"app.browser-window-focus","type":"ui"},{"timestamp":1696850963.497,"category":"electron","message":"window.blur","type":"ui","data":{"id":2,"url":"https://discord.com/channels/@me/1133090505299853403"}},{"timestamp":1696850963.497,"category":"electron","message":"app.browser-window-blur","type":"ui"},{"timestamp":1696850965.448,"category":"electron","message":"window.focus","type":"ui","data":{"id":2,"url":"https://discord.com/channels/@me/1133090505299853403"}},{"timestamp":1696850965.449,"category":"electron","message":"app.browser-window-focus","type":"ui"},{"timestamp":1696850965.721,"category":"electron","message":"window.blur","type":"ui","data":{"id":2,"url":"https://discord.com/channels/@me/1133090505299853403"}},{"timestamp":1696850965.722,"category":"electron","message":"app.browser-window-blur","type":"ui"},{"timestamp":1696850975.049,"category":"electron","message":"window.focus","type":"ui","data":{"id":2,"url":"https://discord.com/channels/@me/1133090505299853403"}},{"timestamp":1696850975.049,"category":"electron","message":"app.browser-window-focus","type":"ui"},{"timestamp":1696850975.297,"category":"electron","message":"window.blur","type":"ui","data":{"id":2,"url":"https://discord.com/channels/@me/1133090505299853403"}},{"timestamp":1696850975.298,"category":"electron","message":"app.browser-window-blur","type":"ui"},{"timestamp":1696850980.186,"category":"electron","message":"window.focus","type":"ui","data":{"id":2,"url":"https://discord.com/channels/@me/1133090505299853403"}},{"timestamp":1696850980.186,"category":"electron","message":"app.browser-window-focus","type":"ui"},{"timestamp":1696850984.941,"category":"ui.click","message":"foreignobject > div.wrapper-3kah-n.selected-1Drb7Z[aria-label=\"  Homies hub\"]"},{"timestamp":1696850992.492,"category":"ui.click","message":"svg"},{"timestamp":1696850995.005,"category":"ui.click","message":"div.contents-3NembX > svg"},{"timestamp":1696850997.575,"category":"ui.click","message":"div.container-O54IuJ > div.closeButton-PCZcma[aria-label=\"Close\"] > svg"},{"timestamp":1696850999.901,"category":"ui.click","message":"div.contents-3NembX > svg"},{"timestamp":1696851005.432,"category":"ui.click","message":"button.primaryButton-361sHl.gutter-3t0Erc.button-ejjZWC.lookFilled-1H2Jvj.colorBrand-2M3O3N.sizeXlarge-2GQ4VO.grow-2T4nbg[type=\"submit\"]"},{"timestamp":1696851008.899,"category":"ui.click","message":"div.contents-3NembX"},{"timestamp":1696851012.856,"category":"ui.click","message":"div.contents-3NembX > svg > path"},{"timestamp":1696851019.376,"category":"ui.click","message":"div.container-O54IuJ > div.closeButton-PCZcma[aria-label=\"Close\"]"},{"timestamp":1696851020.186,"category":"electron","message":"window.blur","type":"ui","data":{"id":2,"url":"https://discord.com/channels/1028565646071574559/1042705708874997862"}},{"timestamp":1696851020.189,"category":"electron","message":"app.browser-window-blur","type":"ui"},{"timestamp":1696851020.691,"category":"electron","message":"window.focus","type":"ui","data":{"id":2,"url":"https://discord.com/channels/1028565646071574559/1042705708874997862"}},{"timestamp":1696851020.693,"category":"electron","message":"app.browser-window-focus","type":"ui"},{"timestamp":1696851022.795,"category":"electron","message":"window.blur","type":"ui","data":{"id":2,"url":"https://discord.com/channels/1028565646071574559/1042705708874997862"}},{"timestamp":1696851022.795,"category":"electron","message":"app.browser-window-blur","type":"ui"},{"timestamp":1696851037.794,"category":"electron","message":"window.focus","type":"ui","data":{"id":2,"url":"https://discord.com/channels/1028565646071574559/1042705708874997862"}},{"timestamp":1696851037.794,"category":"electron","message":"app.browser-window-focus","type":"ui"},{"timestamp":1696851037.943,"category":"electron","message":"window.blur","type":"ui","data":{"id":2,"url":"https://discord.com/channels/1028565646071574559/1042705708874997862"}},{"timestamp":1696851037.944,"category":"electron","message":"app.browser-window-blur","type":"ui"},{"timestamp":1696851046.364,"category":"electron","message":"window.focus","type":"ui","data":{"id":2,"url":"https://discord.com/channels/1028565646071574559/1042705708874997862"}},{"timestamp":1696851046.364,"category":"electron","message":"app.browser-window-focus","type":"ui"},{"timestamp":1696851047.132,"category":"electron","message":"window.blur","type":"ui","data":{"id":2,"url":"https://discord.com/channels/1028565646071574559/1042705708874997862"}},{"timestamp":1696851047.133,"category":"electron","message":"app.browser-window-blur","type":"ui"},{"timestamp":1696851049.918,"category":"electron","message":"window.focus","type":"ui","data":{"id":2,"url":"https://discord.com/channels/1028565646071574559/1042705708874997862"}},{"timestamp":1696851049.918,"category":"electron","message":"app.browser-window-focus","type":"ui"},{"timestamp":1696851050.618,"category":"ui.click","message":"div.listItems-6eZzQ1 > div.row-jreWvj"},{"timestamp":1696851083.91,"category":"console","level":"log","message":"Discord 0.0.31"},{"timestamp":1696851084.027,"category":"electron","message":"app.will-finish-launching","type":"ui"},{"timestamp":1696851084.039,"category":"electron","message":"app.ready","type":"ui"},{"timestamp":1696851084.05,"category":"electron","message":"app.session-created","type":"ui"},{"timestamp":1696851084.05,"category":"console","level":"log","message":"Starting app."},{"timestamp":1696851084.059,"category":"console","level":"log","message":"Starting updater."},{"timestamp":1696851084.061,"category":"console","level":"log","message":"2023-10-09T11:31:24.061Z [Modules] Modules initializing"},{"timestamp":1696851084.061,"category":"console","level":"log","message":"2023-10-09T11:31:24.061Z [Modules] Distribution: remote"},{"timestamp":1696851084.061,"category":"console","level":"log","message":"2023-10-09T11:31:24.061Z [Modules] Host updates: enabled"},{"timestamp":1696851084.062,"category":"console","level":"log","message":"2023-10-09T11:31:24.062Z [Modules] Module updates: enabled"},{"timestamp":1696851084.062,"category":"console","level":"log","message":"2023-10-09T11:31:24.062Z [Modules] Module install path: /home/manoj/.config/discord/0.0.31/modules"},{"timestamp":1696851084.063,"category":"console","level":"log","message":"2023-10-09T11:31:24.063Z [Modules] Module installed file path: /home/manoj/.config/discord/0.0.31/modules/installed.json"},{"timestamp":1696851084.063,"category":"console","level":"log","message":"2023-10-09T11:31:24.063Z [Modules] Module download path: /home/manoj/.config/discord/0.0.31/modules/pending"},{"timestamp":1696851084.067,"category":"console","level":"log","message":"splashScreen.initSplash(false)"},{"timestamp":1696851084.075,"category":"electron","message":"app.web-contents-created","type":"ui"},{"timestamp":1696851084.078,"category":"electron","message":"app.browser-window-created","type":"ui"},{"timestamp":1696851084.09,"category":"electron","message":"renderer.load-url","type":"ui","data":{}},{"timestamp":1696851084.095,"category":"console","level":"log","message":"blackbox: 2023-10-09T11:31:24.095Z 0 \n\n----------------------------------------------"},{"timestamp":1696851083.91,"category":"console","level":"log","message":"Discord 0.0.31"},{"timestamp":1696851084.027,"category":"electron","message":"app.will-finish-launching","type":"ui"},{"timestamp":1696851084.039,"category":"electron","message":"app.ready","type":"ui"},{"timestamp":1696851084.05,"category":"electron","message":"app.session-created","type":"ui"},{"timestamp":1696851084.05,"category":"console","level":"log","message":"Starting app."},{"timestamp":1696851084.059,"category":"console","level":"log","message":"Starting updater."},{"timestamp":1696851084.061,"category":"console","level":"log","message":"2023-10-09T11:31:24.061Z [Modules] Modules initializing"},{"timestamp":1696851084.061,"category":"console","level":"log","message":"2023-10-09T11:31:24.061Z [Modules] Distribution: remote"},{"timestamp":1696851084.061,"category":"console","level":"log","message":"2023-10-09T11:31:24.061Z [Modules] Host updates: enabled"},{"timestamp":1696851084.062,"category":"console","level":"log","message":"2023-10-09T11:31:24.062Z [Modules] Module updates: enabled"},{"timestamp":1696851084.062,"category":"console","level":"log","message":"2023-10-09T11:31:24.062Z [Modules] Module install path: /home/manoj/.config/discord/0.0.31/modules"},{"timestamp":1696851084.063,"category":"console","level":"log","message":"2023-10-09T11:31:24.063Z [Modules] Module installed file path: /home/manoj/.config/discord/0.0.31/modules/installed.json"},{"timestamp":1696851084.063,"category":"console","level":"log","message":"2023-10-09T11:31:24.063Z [Modules] Module download path: /home/manoj/.config/discord/0.0.31/modules/pending"},{"timestamp":1696851084.067,"category":"console","level":"log","message":"splashScreen.initSplash(false)"},{"timestamp":1696851084.075,"category":"electron","message":"app.web-contents-created","type":"ui"},{"timestamp":1696851084.078,"category":"electron","message":"app.browser-window-created","type":"ui"},{"timestamp":1696851084.09,"category":"electron","message":"renderer.load-url","type":"ui","data":{}},{"timestamp":1696851084.095,"category":"console","level":"log","message":"blackbox: 2023-10-09T11:31:24.095Z 0 \n\n----------------------------------------------"},{"timestamp":1696851084.15,"category":"electron","message":"app.gpu-info-update","type":"ui"},{"timestamp":1696851084.154,"category":"console","level":"log","message":"blackbox: 2023-10-09T11:31:24.154Z 1 Discord starting: {\"releaseChannel\":\"stable\",\"version\":\"0.0.31\"}, modulepath: /home/manoj/.config/discord/0.0.31/modules"}],"modules":{"mkdirp":"0.5.5","rimraf":"2.7.1","glob":"7.1.7","fs.realpath":"1.0.0","minimatch":"3.1.2","brace-expansion":"1.1.11","concat-map":"0.0.1","balanced-match":"1.0.2","inherits":"2.0.4","path-is-absolute":"1.0.1","inflight":"1.0.6","wrappy":"1.0.2","once":"1.4.0","yauzl":"2.10.0","fd-slicer":"1.1.0","pend":"1.2.0","buffer-crc32":"0.2.13","request":"2.88.0","extend":"3.0.2","tough-cookie":"2.4.3","psl":"1.8.0","json-stringify-safe":"5.0.1","safe-buffer":"5.2.1","aws-sign2":"0.7.0","aws4":"1.11.0","http-signature":"1.2.0","assert-plus":"1.0.0","sshpk":"1.16.1","safer-buffer":"2.1.2","asn1":"0.2.4","ecc-jsbn":"0.1.2","jsbn":"0.1.1","tweetnacl":"0.14.5","jsprim":"1.4.1","extsprintf":"1.3.0","verror":"1.10.0","core-util-is":"1.0.2","json-schema":"0.2.3","mime-types":"2.1.32","mime-db":"1.49.0","caseless":"0.12.0","forever-agent":"0.6.1","form-data":"2.3.3","combined-stream":"1.0.8","delayed-stream":"1.0.0","asynckit":"0.4.0","isstream":"0.1.2","is-typedarray":"1.0.0","qs":"6.5.3","har-validator":"5.1.5","ajv":"6.12.6","uri-js":"4.4.1","fast-deep-equal":"3.1.3","json-schema-traverse":"0.4.1","fast-json-stable-stringify":"2.1.0","har-schema":"2.0.0","uuid":"3.4.0","oauth-sign":"0.9.0","tunnel-agent":"0.6.0","performance-now":"2.1.0","https-proxy-agent":"5.0.1","ms":"2.1.2","agent-base":"6.0.2","lru_map":"0.3.3","cookie":"0.4.2","deepmerge":"4.3.0"},"event_id":"f147cfed7da147608ef66c1be0ecfb5f","timestamp":1696851084.16,"extra":{"release_channel":"stable","sentry":{"environment":"stable","release":"0.0.31"},"wm":"Hyprland,unknown"}}
2023-10-09T11:31:24.428Z 6: ✅ webContents.did-finish-load web1
2023-10-09T11:31:24.948Z 7: ✅ webContents.created web2 ""
2023-10-09T11:31:25.041Z 8: ✅ window.created win2 "Discord"
2023-10-09T11:31:30.695Z 9: ✅ webContents.did-finish-load web2
2023-10-09T11:31:30.788Z 10: window.close win1
2023-10-09T11:31:30.883Z 11: webContents.destroyed web1
2023-10-09T11:31:30.926Z 12: window.closed win1
2023-10-09T12:43:00.486Z 13: window.close win2
2023-10-09T15:42:54.730Z 14: ❌ webContents.did-fail-load web2" -3 
2023-10-09T19:20:56.399Z 15: window.close win2
2023-10-10T04:11:27.738Z 0: 

----------------------------------------------
2023-10-10T04:11:28.841Z 1: Discord starting: {"releaseChannel":"stable","version":"0.0.31"}, modulepath: /home/manoj/.config/discord/0.0.31/modules
2023-10-10T04:11:29.609Z 2: ✅ webContents.created web1 ""
2023-10-10T04:11:30.099Z 3: ✅ window.created win1 "discord"
2023-10-10T04:11:45.912Z 0: 

----------------------------------------------
2023-10-10T04:11:50.222Z 4: ✅ webContents.created web2 ""
2023-10-10T04:11:50.632Z 5: ✅ window.created win2 "Discord"
2023-10-10T04:11:52.129Z 6: ✅ webContents.did-finish-load web1
2023-10-10T04:12:14.685Z 7: ✅ webContents.did-finish-load web2
2023-10-10T04:12:14.779Z 8: window.close win1
2023-10-10T04:12:14.839Z 9: webContents.destroyed web1
2023-10-10T04:12:14.894Z 10: window.closed win1
2023-10-10T04:12:56.580Z 11: window.close win2
2023-10-10T04:13:02.170Z 12: window.close win2
2023-10-10T04:13:02.239Z 13: webContents.destroyed web2
2023-10-10T07:00:08.575Z 0: 

----------------------------------------------
2023-10-10T07:00:09.026Z 1: Discord starting: {"releaseChannel":"stable","version":"0.0.31"}, modulepath: /home/manoj/.config/discord/0.0.31/modules
2023-10-10T07:00:09.222Z 2: ✅ webContents.created web1 ""
2023-10-10T07:00:09.386Z 3: ✅ window.created win1 "discord"
2023-10-10T07:00:11.873Z 4: ✅ webContents.created web2 ""
2023-10-10T07:00:11.956Z 5: ✅ window.created win2 "Discord"
2023-10-10T07:00:12.112Z 6: ✅ webContents.did-finish-load web1
2023-10-10T07:00:19.083Z 7: ✅ webContents.did-finish-load web2
2023-10-10T07:00:19.287Z 8: window.close win1
2023-10-10T07:00:19.352Z 9: webContents.destroyed web1
2023-10-10T07:00:19.411Z 10: window.closed win1
2023-10-10T07:13:49.716Z 11: window.close win2
2023-10-10T09:54:46.133Z 0: 

----------------------------------------------
2023-10-10T09:54:46.186Z 1: Discord starting: {"releaseChannel":"stable","version":"0.0.31"}, modulepath: /home/manoj/.config/discord/0.0.31/modules
2023-10-10T09:54:46.227Z 2: ✅ webContents.created web1 "index.html"
2023-10-10T09:54:46.261Z 3: ✅ window.created win1 "discord"
2023-10-10T09:54:46.515Z 4: ✅ webContents.did-finish-load web1
2023-10-10T09:54:47.085Z 5: ✅ webContents.created web2 ""
2023-10-10T09:54:47.152Z 6: ✅ window.created win2 "Discord"
2023-10-10T09:54:51.553Z 7: ✅ webContents.did-finish-load web2
2023-10-10T09:54:51.650Z 8: window.close win1
2023-10-10T09:54:51.777Z 9: webContents.destroyed web1
2023-10-10T09:54:51.834Z 10: window.closed win1
2023-10-10T10:06:22.124Z 11: window.close win2
2023-10-10T10:21:08.052Z 12: window.close win2
2023-10-10T10:56:22.313Z 13: window.close win2
2023-10-10T10:56:25.159Z 14: window.close win2
2023-10-10T10:56:25.283Z 15: webContents.destroyed web2
2023-10-10T13:34:58.789Z 0: 

----------------------------------------------
2023-10-10T13:34:59.406Z 1: Discord starting: {"releaseChannel":"stable","version":"0.0.31"}, modulepath: /home/manoj/.config/discord/0.0.31/modules
2023-10-10T13:34:59.632Z 2: ✅ webContents.created web1 ""
2023-10-10T13:34:59.728Z 3: ✅ window.created win1 "discord"
2023-10-10T13:35:06.097Z 4: ✅ webContents.created web2 ""
2023-10-10T13:35:06.344Z 5: ✅ window.created win2 "Discord"
2023-10-10T13:35:06.517Z 6: ✅ webContents.did-finish-load web1
2023-10-10T13:35:52.301Z 7: ✅ webContents.did-finish-load web2
2023-10-10T13:35:52.988Z 8: window.close win1
2023-10-10T13:35:53.221Z 9: webContents.destroyed web1
2023-10-10T13:35:53.311Z 10: window.closed win1
2023-10-10T16:29:25.447Z 11: window.close win2
2023-10-10T16:29:32.138Z 0: 

----------------------------------------------
2023-10-10T16:29:32.328Z 1: Discord starting: {"releaseChannel":"stable","version":"0.0.31"}, modulepath: /home/manoj/.config/discord/0.0.31/modules
2023-10-10T16:42:51.092Z 12: window.close win2
2023-10-10T16:42:58.178Z 0: 

----------------------------------------------
2023-10-10T16:42:58.354Z 1: Discord starting: {"releaseChannel":"stable","version":"0.0.31"}, modulepath: /home/manoj/.config/discord/0.0.31/modules
2023-10-10T17:18:15.220Z 13: window.close win2
2023-10-10T17:19:07.473Z 0: 

----------------------------------------------
2023-10-10T17:19:07.671Z 1: Discord starting: {"releaseChannel":"stable","version":"0.0.31"}, modulepath: /home/manoj/.config/discord/0.0.31/modules
2023-10-10T17:19:27.421Z 14: window.close win2
2023-10-10T17:45:45.713Z 0: 

----------------------------------------------
2023-10-10T17:45:45.824Z 1: Discord starting: {"releaseChannel":"stable","version":"0.0.31"}, modulepath: /home/manoj/.config/discord/0.0.31/modules
2023-10-10T19:34:12.524Z 15: window.close win2
2023-10-10T19:39:26.122Z 0: 

----------------------------------------------
2023-10-10T19:39:26.221Z 1: Discord starting: {"releaseChannel":"stable","version":"0.0.31"}, modulepath: /home/manoj/.config/discord/0.0.31/modules
2023-10-10T19:42:01.860Z 16: window.close win2
2023-10-11T13:27:22.699Z 0: 

----------------------------------------------
2023-10-11T13:27:23.227Z 1: Discord starting: {"releaseChannel":"stable","version":"0.0.31"}, modulepath: /home/manoj/.config/discord/0.0.31/modules
2023-10-11T13:27:23.417Z 2: ✅ webContents.created web1 ""
2023-10-11T13:27:23.545Z 3: ✅ window.created win1 "discord"
2023-10-11T13:27:31.212Z 4: ✅ webContents.did-finish-load web1
2023-10-11T13:27:42.808Z 5: ✅ webContents.created web2 ""
2023-10-11T13:27:43.023Z 6: ✅ window.created win2 "Discord"
2023-10-11T13:28:40.288Z 7: ✅ webContents.did-finish-load web2
2023-10-11T13:28:40.378Z 8: window.close win1
2023-10-11T13:28:40.726Z 9: webContents.destroyed web1
2023-10-11T13:28:40.864Z 10: window.closed win1
2023-10-11T15:35:59.974Z 11: ❌ webContents.nresponsive web2
2023-10-11T16:36:32.570Z 12: window.close win2
2023-10-11T16:36:43.716Z 13: window.close win2
2023-10-11T16:36:43.764Z 14: webContents.destroyed web2
2023-10-11T16:36:47.731Z 0: 

----------------------------------------------
2023-10-11T16:36:47.804Z 1: Discord starting: {"releaseChannel":"stable","version":"0.0.31"}, modulepath: /home/manoj/.config/discord/0.0.31/modules
2023-10-11T16:36:47.855Z 2: ✅ webContents.created web1 "index.html"
2023-10-11T16:36:47.899Z 3: ✅ window.created win1 "discord"
2023-10-11T16:36:48.125Z 4: ✅ webContents.did-finish-load web1
2023-10-11T16:36:49.692Z 5: ✅ webContents.created web2 ""
2023-10-11T16:36:49.756Z 6: ✅ window.created win2 "Discord"
2023-10-11T16:37:09.087Z 7: ✅ webContents.did-finish-load web2
2023-10-11T16:37:09.536Z 8: window.close win1
2023-10-11T16:37:09.610Z 9: webContents.destroyed web1
2023-10-11T16:37:09.707Z 10: window.closed win1
2023-10-11T17:02:06.427Z 11: window.close win2
2023-10-11T17:09:45.638Z 12: window.close win2
2023-10-11T17:09:45.898Z 13: webContents.destroyed web2
2023-10-11T17:09:46.530Z 14: window.closed win2
2023-10-11T17:27:26.505Z 0: 

----------------------------------------------
2023-10-11T17:27:26.571Z 1: Discord starting: {"releaseChannel":"stable","version":"0.0.31"}, modulepath: /home/manoj/.config/discord/0.0.31/modules
2023-10-11T17:27:26.616Z 2: ✅ webContents.created web1 "index.html"
2023-10-11T17:27:26.660Z 3: ✅ window.created win1 "discord"
2023-10-11T17:27:26.805Z 4: ✅ webContents.did-finish-load web1
2023-10-11T17:27:27.351Z 5: ✅ webContents.created web2 ""
2023-10-11T17:27:27.395Z 6: ✅ window.created win2 "Discord"
2023-10-11T17:27:34.769Z 7: ✅ webContents.did-finish-load web2
2023-10-11T17:27:34.861Z 8: window.close win1
2023-10-11T17:27:34.893Z 9: webContents.destroyed web1
2023-10-11T17:27:35.072Z 10: window.closed win1
2023-10-11T17:31:50.210Z 0: 

----------------------------------------------
2023-10-11T17:31:50.471Z 1: Discord starting: {"releaseChannel":"stable","version":"0.0.31"}, modulepath: /home/manoj/.config/discord/0.0.31/modules
2023-10-12T14:37:11.623Z 0: 

----------------------------------------------
2023-10-12T14:37:12.402Z 1: Discord starting: {"releaseChannel":"stable","version":"0.0.31"}, modulepath: /home/manoj/.config/discord/0.0.31/modules
2023-10-12T14:37:12.666Z 2: ✅ webContents.created web1 ""
2023-10-12T14:37:12.861Z 3: ✅ window.created win1 "discord"
2023-10-12T14:37:20.790Z 4: ✅ webContents.did-finish-load web1
2023-10-12T14:37:21.401Z 5: ✅ webContents.created web2 ""
2023-10-12T14:37:21.480Z 6: ✅ window.created win2 "Discord"
2023-10-12T14:37:33.263Z 7: ✅ webContents.did-finish-load web2
2023-10-12T14:37:33.354Z 8: window.close win1
2023-10-12T14:37:33.462Z 9: webContents.destroyed web1
2023-10-12T14:37:33.507Z 10: window.closed win1
2023-10-12T14:46:42.548Z 11: window.close win2
2023-10-12T14:49:04.832Z 12: window.close win2
2023-10-12T14:50:15.250Z 13: window.close win2
2023-10-12T15:00:49.925Z 0: 

----------------------------------------------
2023-10-12T15:00:50.094Z 1: Discord starting: {"releaseChannel":"stable","version":"0.0.31"}, modulepath: /home/manoj/.config/discord/0.0.31/modules
2023-10-12T15:01:12.590Z 14: window.close win2
2023-10-12T15:14:17.421Z 15: window.close win2
2023-10-12T15:43:02.467Z 0: 

----------------------------------------------
2023-10-12T15:43:02.598Z 1: Discord starting: {"releaseChannel":"stable","version":"0.0.31"}, modulepath: /home/manoj/.config/discord/0.0.31/modules
2023-10-12T15:43:09.146Z 16: window.close win2
2023-10-12T15:56:39.163Z 17: window.close win2
2023-10-12T16:04:03.813Z 0: 

----------------------------------------------
2023-10-12T16:04:04.065Z 1: Discord starting: {"releaseChannel":"stable","version":"0.0.31"}, modulepath: /home/manoj/.config/discord/0.0.31/modules
2023-10-12T16:04:04.180Z 18: window.close win2
2023-10-12T16:06:16.225Z 0: 

----------------------------------------------
2023-10-12T16:06:16.286Z 1: Discord starting: {"releaseChannel":"stable","version":"0.0.31"}, modulepath: /home/manoj/.config/discord/0.0.31/modules
2023-10-12T16:07:41.490Z 19: window.close win2
2023-10-12T17:33:54.038Z 20: window.close win2
2023-10-12T18:01:08.577Z 0: 

----------------------------------------------
2023-10-12T18:01:08.781Z 1: Discord starting: {"releaseChannel":"stable","version":"0.0.31"}, modulepath: /home/manoj/.config/discord/0.0.31/modules
2023-10-12T18:01:26.233Z 21: window.close win2
2023-10-12T18:07:53.792Z 0: 

----------------------------------------------
2023-10-12T18:07:53.981Z 1: Discord starting: {"releaseChannel":"stable","version":"0.0.31"}, modulepath: /home/manoj/.config/discord/0.0.31/modules
2023-10-12T18:11:56.407Z 22: window.close win2
2023-10-12T18:16:25.844Z 23: window.close win2
2023-10-13T04:12:19.777Z 0: 

----------------------------------------------
2023-10-13T04:12:20.284Z 1: Discord starting: {"releaseChannel":"stable","version":"0.0.31"}, modulepath: /home/manoj/.config/discord/0.0.31/modules
2023-10-13T04:12:20.456Z 2: ✅ webContents.created web1 ""
2023-10-13T04:12:20.568Z 3: ✅ window.created win1 "discord"
2023-10-13T04:12:23.195Z 4: ✅ webContents.created web2 ""
2023-10-13T04:12:23.275Z 5: ✅ window.created win2 "Discord"
2023-10-13T04:12:23.376Z 6: ✅ webContents.did-finish-load web1
2023-10-13T04:12:35.551Z 7: ✅ webContents.did-finish-load web2
2023-10-13T04:12:35.648Z 8: window.close win1
2023-10-13T04:12:35.695Z 9: webContents.destroyed web1
2023-10-13T04:12:35.742Z 10: window.closed win1
2023-10-13T04:27:16.859Z 11: window.close win2
2023-10-13T06:32:56.366Z 0: 

----------------------------------------------
2023-10-13T06:32:56.702Z 0: 

----------------------------------------------
2023-10-13T06:32:56.825Z 1: Discord starting: {"releaseChannel":"stable","version":"0.0.31"}, modulepath: /home/manoj/.config/discord/0.0.31/modules
2023-10-13T06:32:57.054Z 2: ✅ webContents.created web1 ""
2023-10-13T06:32:57.109Z 3: ✅ window.created win1 "discord"
2023-10-13T06:32:57.154Z 0: 

----------------------------------------------
2023-10-13T06:32:58.797Z 4: ✅ webContents.did-finish-load web1
2023-10-13T06:32:59.254Z 5: ✅ webContents.created web2 ""
2023-10-13T06:32:59.356Z 6: ✅ window.created win2 "Discord"
2023-10-13T06:33:30.396Z 7: ✅ webContents.did-finish-load web2
2023-10-13T06:33:30.702Z 8: window.close win1
2023-10-13T06:33:30.848Z 9: webContents.destroyed web1
2023-10-13T06:33:31.049Z 10: window.closed win1
2023-10-13T06:34:15.533Z 11: window.close win2
2023-10-13T06:57:19.169Z 12: window.close win2
2023-10-13T07:42:03.566Z 13: ❌ webContents.nresponsive web2
2023-10-13T13:21:22.897Z 0: 

----------------------------------------------
2023-10-13T13:21:23.364Z 1: Discord starting: {"releaseChannel":"stable","version":"0.0.31"}, modulepath: /home/manoj/.config/discord/0.0.31/modules
2023-10-13T13:21:23.513Z 2: ✅ webContents.created web1 ""
2023-10-13T13:21:23.659Z 3: ✅ window.created win1 "discord"
2023-10-13T13:21:33.291Z 4: ✅ webContents.did-finish-load web1
2023-10-13T13:21:37.700Z 5: ✅ webContents.created web2 ""
2023-10-13T13:21:37.819Z 6: ✅ window.created win2 "Discord"
2023-10-13T13:21:45.668Z 7: ✅ webContents.did-finish-load web2
2023-10-13T13:21:45.768Z 8: window.close win1
2023-10-13T13:21:45.849Z 9: webContents.destroyed web1
2023-10-13T13:21:45.932Z 10: window.closed win1
2023-10-13T14:03:08.401Z 11: window.close win2
2023-10-13T14:03:08.436Z 12: webContents.destroyed web2
2023-10-13T14:52:34.558Z 0: 

----------------------------------------------
2023-10-13T14:52:36.240Z 1: Discord starting: {"releaseChannel":"stable","version":"0.0.31"}, modulepath: /home/manoj/.config/discord/0.0.31/modules
2023-10-13T14:52:36.685Z 2: ✅ webContents.created web1 ""
2023-10-13T14:52:37.118Z 3: ✅ window.created win1 "discord"
2023-10-13T15:27:51.539Z 4: ✅ webContents.created web2 ""
2023-10-13T15:27:51.963Z 5: ✅ window.created win2 "Discord"
2023-10-13T15:27:52.149Z 6: ✅ webContents.did-finish-load web1
2023-10-13T15:28:11.310Z 7: ✅ webContents.did-finish-load web2
2023-10-13T15:28:11.506Z 8: window.close win1
2023-10-13T15:28:11.613Z 9: webContents.destroyed web1
2023-10-13T15:28:11.717Z 10: window.closed win1
2023-10-13T15:39:04.505Z 11: ❌ webContents.nresponsive web2
2023-10-13T15:41:34.140Z 12: ❌ webContents.nresponsive web2
2023-10-13T15:42:02.228Z 13: ❌ webContents.nresponsive web2
2023-10-13T15:49:27.518Z 14: ❌ webContents.nresponsive web2
2023-10-13T15:56:28.880Z 15: ❌ webContents.nresponsive web2
2023-10-13T15:56:32.791Z 16: ❌ webContents.nresponsive web2
2023-10-13T15:56:36.838Z 17: ❌ webContents.nresponsive web2
2023-10-13T15:56:37.295Z 18: ❌ webContents.nresponsive web2
2023-10-13T15:56:37.506Z 19: window.close win2
