2023-10-10 22:36:31.506 [info] Extension host with pid 87415 started
2023-10-10 22:36:32.669 [info] ExtensionService#_doActivateExtension vscode.git-base, startup: true, activationEvent: '*', root cause: vscode.git
2023-10-10 22:36:33.164 [info] ExtensionService#_doActivateExtension vscode.git, startup: true, activationEvent: '*'
2023-10-10 22:36:33.252 [info] ExtensionService#_doActivateExtension vscode.github, startup: true, activationEvent: '*'
2023-10-10 22:36:33.525 [info] Eager extensions activated
2023-10-10 22:36:33.677 [info] ExtensionService#_doActivateExtension vscode.debug-auto-launch, startup: false, activationEvent: 'onStartupFinished'
2023-10-10 22:36:33.684 [info] ExtensionService#_doActivateExtension vscode.merge-conflict, startup: false, activationEvent: 'onStartupFinished'
2023-10-10 22:36:33.707 [info] ExtensionService#_doActivateExtension bradlc.vscode-tailwindcss, startup: false, activationEvent: 'onStartupFinished'
2023-10-10 22:36:33.820 [info] ExtensionService#_doActivateExtension Catppuccin.catppuccin-vsc, startup: false, activationEvent: 'onStartupFinished'
2023-10-10 22:36:33.831 [info] ExtensionService#_doActivateExtension esbenp.prettier-vscode, startup: false, activationEvent: 'onStartupFinished'
2023-10-10 22:36:34.135 [info] ExtensionService#_doActivateExtension LeonardSSH.vscord, startup: false, activationEvent: 'onStartupFinished'
2023-10-10 22:37:40.960 [info] Extension host terminating: renderer closed the MessagePort
2023-10-10 22:37:41.166 [info] Extension host with pid 87415 exiting with code 0
2023-10-10 22:37:54.289 [info] Extension host with pid 88454 started
2023-10-10 22:37:54.290 [info] Skipping acquiring lock for /home/manoj/.config/Code - OSS/User/workspaceStorage/3e728b86aecf193d8527e69a15f41a1d.
2023-10-10 22:37:55.500 [info] ExtensionService#_doActivateExtension vscode.git-base, startup: true, activationEvent: '*'
2023-10-10 22:37:55.642 [info] ExtensionService#_doActivateExtension vscode.npm, startup: true, activationEvent: 'workspaceContains:package.json'
2023-10-10 22:37:56.412 [info] ExtensionService#_doActivateExtension vscode.github, startup: true, activationEvent: '*'
2023-10-10 22:37:57.739 [info] Eager extensions activated
2023-10-10 22:37:59.215 [info] ExtensionService#_doActivateExtension vscode.debug-auto-launch, startup: false, activationEvent: 'onStartupFinished'
2023-10-10 22:37:59.265 [info] ExtensionService#_doActivateExtension vscode.merge-conflict, startup: false, activationEvent: 'onStartupFinished'
2023-10-10 22:37:59.288 [info] ExtensionService#_doActivateExtension Catppuccin.catppuccin-vsc, startup: false, activationEvent: 'onStartupFinished'
2023-10-10 22:37:59.308 [info] ExtensionService#_doActivateExtension esbenp.prettier-vscode, startup: false, activationEvent: 'onStartupFinished'
2023-10-10 22:38:09.691 [info] ExtensionService#_doActivateExtension vscode.git, startup: false, activationEvent: 'api', root cause: vscode.github
2023-10-10 22:38:09.791 [info] ExtensionService#_doActivateExtension bradlc.vscode-tailwindcss, startup: false, activationEvent: 'onStartupFinished'
2023-10-10 22:38:09.835 [info] ExtensionService#_doActivateExtension LeonardSSH.vscord, startup: false, activationEvent: 'onStartupFinished'
2023-10-10 22:38:10.451 [error] Activating extension LeonardSSH.vscord failed due to an error:
2023-10-10 22:38:10.451 [error] Error: Extension 'vscode.git' is not known or not activated
    at S.getActivatedExtension (/usr/lib/code/out/vs/workbench/api/node/extensionHostProcess.js:125:3503)
    at s.getExtensionExports (/usr/lib/code/out/vs/workbench/api/node/extensionHostProcess.js:136:8891)
    at V.get exports [as exports] (/usr/lib/code/out/vs/workbench/api/node/extensionHostProcess.js:136:22547)
    at new rs (/home/manoj/.vscode-oss/extensions/leonardssh.vscord-5.1.18-universal/src/data.ts:48:31)
    at Object.<anonymous> (/home/manoj/.vscode-oss/extensions/leonardssh.vscord-5.1.18-universal/src/data.ts:332:26)
    at Module.u._compile (/usr/lib/code/out/vs/loader.js:4:1271)
    at Object.Module._extensions..js (node:internal/modules/cjs/loader:1324:10)
    at Module.load (node:internal/modules/cjs/loader:1124:32)
    at Module._load (node:internal/modules/cjs/loader:965:12)
    at Function.f._load (node:electron/js2c/asar_bundle:2:13377)
    at Function.u._load (/usr/lib/code/out/vs/workbench/api/node/extensionHostProcess.js:153:5631)
    at Function.c._load (/usr/lib/code/out/vs/workbench/api/node/extensionHostProcess.js:150:29196)
    at Function.t._load (/usr/lib/code/out/vs/workbench/api/node/extensionHostProcess.js:117:35261)
    at Module.require (node:internal/modules/cjs/loader:1148:19)
    at require (node:internal/modules/cjs/helpers:110:18)
    at Function.i [as __$__nodeRequire] (/usr/lib/code/out/vs/loader.js:5:98)
    at s.vb (/usr/lib/code/out/vs/workbench/api/node/extensionHostProcess.js:150:30375)
    at async Promise.all (index 0)
2023-10-10 22:38:10.992 [info] ExtensionService#_doActivateExtension vscode.github-authentication, startup: false, activationEvent: 'onAuthenticationRequest:github'
2023-10-10 22:44:03.042 [info] ExtensionService#_doActivateExtension vscode.emmet, startup: false, activationEvent: 'onLanguage'
2023-10-10 22:44:09.071 [info] ExtensionService#_doActivateExtension vscode.json-language-features, startup: false, activationEvent: 'onLanguage:jsonc'
2023-10-10 22:44:09.266 [info] ExtensionService#_doActivateExtension vscode.typescript-language-features, startup: false, activationEvent: 'onLanguage:jsonc'
2023-10-10 23:13:25.249 [warning] Illegal argument: TextEditor(vs.editor.ICodeEditor:2,$model10)
2023-10-10 23:24:55.365 [info] ExtensionService#_doActivateExtension iocave.monkey-patch, startup: false, activationEvent: '*'
2023-10-10 23:24:55.972 [info] ExtensionService#_doActivateExtension iocave.customize-ui, startup: false, activationEvent: '*'
2023-10-10 23:27:15.966 [info] Extension host terminating: renderer closed the MessagePort
2023-10-10 23:27:16.030 [error] Canceled: Canceled
    at new g (/usr/lib/code/out/vs/workbench/api/node/extensionHostProcess.js:125:57216)
    at i.U (/usr/lib/code/out/vs/workbench/api/node/extensionHostProcess.js:134:10864)
    at Proxy.M.<computed>.j.charCodeAt.M.<computed> (/usr/lib/code/out/vs/workbench/api/node/extensionHostProcess.js:134:8315)
    at n.g (/usr/lib/code/out/vs/workbench/api/node/extensionHostProcess.js:125:83747)
    at n.executeCommand (/usr/lib/code/out/vs/workbench/api/node/extensionHostProcess.js:125:83185)
    at b.registerCommand.description (/usr/lib/code/out/vs/workbench/api/node/extensionHostProcess.js:125:82506)
    at n.h (/usr/lib/code/out/vs/workbench/api/node/extensionHostProcess.js:125:84283)
    at n.g (/usr/lib/code/out/vs/workbench/api/node/extensionHostProcess.js:125:83278)
    at n.executeCommand (/usr/lib/code/out/vs/workbench/api/node/extensionHostProcess.js:125:83185)
    at Object.executeCommand (/usr/lib/code/out/vs/workbench/api/node/extensionHostProcess.js:140:21282)
    at s.D [as value] (/usr/lib/code/extensions/git/dist/main.js:2:1312800)
    at c.z (/usr/lib/code/out/vs/workbench/api/node/extensionHostProcess.js:80:1902)
    at c.A (/usr/lib/code/out/vs/workbench/api/node/extensionHostProcess.js:80:1972)
    at c.fire (/usr/lib/code/out/vs/workbench/api/node/extensionHostProcess.js:80:2188)
    at Object.m [as dispose] (/usr/lib/code/extensions/git/dist/main.js:2:1328588)
    at /usr/lib/code/extensions/git/dist/main.js:2:1333429
    at Array.forEach (<anonymous>)
    at g.dispose (/usr/lib/code/extensions/git/dist/main.js:2:1333415)
    at v.<anonymous> (/usr/lib/code/out/vs/workbench/api/node/extensionHostProcess.js:121:3521)
    at v.dispose (/usr/lib/code/out/vs/workbench/api/node/extensionHostProcess.js:121:3618)
    at v.<anonymous> (/usr/lib/code/extensions/git/dist/main.js:2:1314812)
    at v.dispose (/usr/lib/code/out/vs/workbench/api/node/extensionHostProcess.js:121:3618)
    at o (/usr/lib/code/out/vs/workbench/api/node/extensionHostProcess.js:30:754)
    at s.cb (/usr/lib/code/out/vs/workbench/api/node/extensionHostProcess.js:136:9846)
    at /usr/lib/code/out/vs/workbench/api/node/extensionHostProcess.js:136:7796
    at Array.map (<anonymous>)
    at s.Y (/usr/lib/code/out/vs/workbench/api/node/extensionHostProcess.js:136:7784)
    at s.terminate (/usr/lib/code/out/vs/workbench/api/node/extensionHostProcess.js:136:8054)
    at o.terminate (/usr/lib/code/out/vs/workbench/api/node/extensionHostProcess.js:140:1513)
    at l (/usr/lib/code/out/vs/workbench/api/node/extensionHostProcess.js:153:9801)
    at MessagePortMain.<anonymous> (/usr/lib/code/out/vs/workbench/api/node/extensionHostProcess.js:153:6226)
    at MessagePortMain.emit (node:events:513:28)
    at Object.MessagePortMain._internalPort.emit (node:electron/js2c/utility_init:2:367) setContext undefined
2023-10-10 23:27:16.103 [error] Canceled: Canceled
    at new g (/usr/lib/code/out/vs/workbench/api/node/extensionHostProcess.js:125:57216)
    at i.U (/usr/lib/code/out/vs/workbench/api/node/extensionHostProcess.js:134:10864)
    at Proxy.M.<computed>.j.charCodeAt.M.<computed> (/usr/lib/code/out/vs/workbench/api/node/extensionHostProcess.js:134:8315)
    at n.g (/usr/lib/code/out/vs/workbench/api/node/extensionHostProcess.js:125:83747)
    at n.executeCommand (/usr/lib/code/out/vs/workbench/api/node/extensionHostProcess.js:125:83185)
    at b.registerCommand.description (/usr/lib/code/out/vs/workbench/api/node/extensionHostProcess.js:125:82506)
    at n.h (/usr/lib/code/out/vs/workbench/api/node/extensionHostProcess.js:125:84283)
    at n.g (/usr/lib/code/out/vs/workbench/api/node/extensionHostProcess.js:125:83278)
    at n.executeCommand (/usr/lib/code/out/vs/workbench/api/node/extensionHostProcess.js:125:83185)
    at Object.executeCommand (/usr/lib/code/out/vs/workbench/api/node/extensionHostProcess.js:140:21282)
    at t.$D.set b [as b] (/usr/lib/code/extensions/github/dist/extension.js:2:714415)
    at /usr/lib/code/extensions/github/dist/extension.js:2:715056
    at s.value (/usr/lib/code/extensions/git/dist/main.js:2:1402040)
    at c.z (/usr/lib/code/out/vs/workbench/api/node/extensionHostProcess.js:80:1902)
    at c.A (/usr/lib/code/out/vs/workbench/api/node/extensionHostProcess.js:80:1972)
    at c.fire (/usr/lib/code/out/vs/workbench/api/node/extensionHostProcess.js:80:2188)
    at Object.m [as dispose] (/usr/lib/code/extensions/git/dist/main.js:2:1328588)
    at /usr/lib/code/extensions/git/dist/main.js:2:1333429
    at Array.forEach (<anonymous>)
    at g.dispose (/usr/lib/code/extensions/git/dist/main.js:2:1333415)
    at v.<anonymous> (/usr/lib/code/out/vs/workbench/api/node/extensionHostProcess.js:121:3521)
    at v.dispose (/usr/lib/code/out/vs/workbench/api/node/extensionHostProcess.js:121:3618)
    at v.<anonymous> (/usr/lib/code/extensions/git/dist/main.js:2:1314812)
    at v.dispose (/usr/lib/code/out/vs/workbench/api/node/extensionHostProcess.js:121:3618)
    at o (/usr/lib/code/out/vs/workbench/api/node/extensionHostProcess.js:30:754)
    at s.cb (/usr/lib/code/out/vs/workbench/api/node/extensionHostProcess.js:136:9846)
    at /usr/lib/code/out/vs/workbench/api/node/extensionHostProcess.js:136:7796
    at Array.map (<anonymous>)
    at s.Y (/usr/lib/code/out/vs/workbench/api/node/extensionHostProcess.js:136:7784)
    at s.terminate (/usr/lib/code/out/vs/workbench/api/node/extensionHostProcess.js:136:8054)
    at o.terminate (/usr/lib/code/out/vs/workbench/api/node/extensionHostProcess.js:140:1513)
    at l (/usr/lib/code/out/vs/workbench/api/node/extensionHostProcess.js:153:9801)
    at MessagePortMain.<anonymous> (/usr/lib/code/out/vs/workbench/api/node/extensionHostProcess.js:153:6226)
    at MessagePortMain.emit (node:events:513:28)
    at Object.MessagePortMain._internalPort.emit (node:electron/js2c/utility_init:2:367) setContext undefined
2023-10-10 23:27:16.119 [info] Extension host with pid 88454 exiting with code 0
