2023-10-10 22:36:26.911 [info] Added views:workbench.panel.markers.view in workbench.panel.markers
2023-10-10 22:36:26.911 [info] Added views:workbench.panel.output in workbench.panel.output
2023-10-10 22:36:26.911 [info] Added views:terminal in terminal
2023-10-10 22:36:26.911 [info] Added views:outline in workbench.view.explorer
2023-10-10 22:36:26.912 [info] Added views:workbench.scm in workbench.view.scm
2023-10-10 22:36:26.912 [info] Added views:workbench.view.search in workbench.view.search
2023-10-10 22:36:26.912 [info] Added views:timeline in workbench.view.explorer
2023-10-10 22:36:26.912 [info] Added views:workbench.explorer.emptyView in workbench.view.explorer
2023-10-10 22:36:30.855 [info] Added views:workbench.debug.variablesView,workbench.debug.watchExpressionsView,workbench.debug.callStackView,workbench.debug.breakPointsView in workbench.view.debug
2023-10-10 22:36:32.573 [info] Added views:workbench.panel.repl.view in workbench.panel.repl
2023-10-10 22:36:32.574 [info] Removed views:workbench.debug.breakPointsView,workbench.debug.callStackView,workbench.debug.watchExpressionsView,workbench.debug.variablesView from workbench.view.debug
2023-10-10 22:36:32.596 [info] Added views:workbench.debug.welcome in workbench.view.debug
2023-10-10 22:36:35.606 [info] Added views:~remote.forwardedPorts in ~remote.forwardedPortsContainer
2023-10-10 22:37:48.228 [info] Added views:workbench.panel.markers.view in workbench.panel.markers
2023-10-10 22:37:48.229 [info] Added views:workbench.panel.output in workbench.panel.output
2023-10-10 22:37:48.229 [info] Added views:terminal in terminal
2023-10-10 22:37:48.229 [info] Added views:outline in workbench.view.explorer
2023-10-10 22:37:48.229 [info] Added views:workbench.scm in workbench.view.scm
2023-10-10 22:37:48.229 [info] Added views:workbench.view.search in workbench.view.search
2023-10-10 22:37:48.229 [info] Added views:timeline in workbench.view.explorer
2023-10-10 22:37:48.229 [info] Added views:workbench.explorer.fileView in workbench.view.explorer
2023-10-10 22:37:55.004 [info] Added views:workbench.debug.variablesView,workbench.debug.watchExpressionsView,workbench.debug.callStackView,workbench.debug.breakPointsView in workbench.view.debug
2023-10-10 22:37:55.803 [info] Added views:workbench.panel.repl.view in workbench.panel.repl
2023-10-10 22:37:55.804 [info] Removed views:workbench.debug.breakPointsView,workbench.debug.callStackView,workbench.debug.watchExpressionsView,workbench.debug.variablesView from workbench.view.debug
2023-10-10 22:37:55.804 [info] Added views:workbench.debug.welcome in workbench.view.debug
2023-10-10 22:38:02.163 [info] Added views:~remote.forwardedPorts in ~remote.forwardedPortsContainer
2023-10-10 23:23:48.059 [info] Added views:workbench.views.extensions.installed,workbench.views.extensions.popular,extensions.recommendedList in workbench.view.extensions
2023-10-10 23:23:48.083 [info] Removed views:workbench.views.extensions.popular from workbench.view.extensions
2023-10-10 23:23:50.979 [info] Removed views:extensions.recommendedList,workbench.views.extensions.installed from workbench.view.extensions
2023-10-10 23:23:51.724 [info] Added views:workbench.views.extensions.marketplace in workbench.view.extensions
2023-10-10 23:23:55.345 [info] Added views:workbench.debug.breakPointsView in workbench.view.debug
2023-10-10 23:26:35.760 [info] Removed views:workbench.views.extensions.marketplace from workbench.view.extensions
2023-10-10 23:26:35.810 [info] Added views:workbench.views.extensions.installed,extensions.recommendedList in workbench.view.extensions
