2023-10-10 22:36:33.541 [info] Log level: Info
2023-10-10 22:36:33.541 [info] Validating found git in: "git"
2023-10-10 22:36:33.541 [info] Using git "2.42.0" from "git"
2023-10-10 22:38:10.596 [info] Log level: Info
2023-10-10 22:38:10.596 [info] Validating found git in: "git"
2023-10-10 22:38:10.596 [info] Using git "2.42.0" from "git"
2023-10-10 22:38:10.604 [info] > git rev-parse --show-toplevel [24ms]
2023-10-10 22:38:10.627 [info] > git rev-parse --git-dir --git-common-dir [3ms]
2023-10-10 22:38:10.671 [info] Open repository: /home/manoj/system/rashtriya-tv
2023-10-10 22:38:10.745 [info] > git rev-parse --show-toplevel [10ms]
2023-10-10 22:38:10.748 [info] > git config --get commit.template [44ms]
2023-10-10 22:38:10.807 [info] > git rev-parse --show-toplevel [24ms]
2023-10-10 22:38:10.811 [info] > git for-each-ref --format=%(refname)%00%(upstream:short)%00%(objectname)%00%(upstream:track)%00%(upstream:remotename)%00%(upstream:remoteref) refs/heads/main refs/remotes/main [11ms]
2023-10-10 22:38:10.848 [info] > git status -z -uall [14ms]
2023-10-10 22:38:10.919 [info] > git config --get commit.template [7ms]
2023-10-10 22:38:11.139 [info] > git for-each-ref --format=%(refname)%00%(upstream:short)%00%(objectname)%00%(upstream:track)%00%(upstream:remotename)%00%(upstream:remoteref) refs/heads/main refs/remotes/main [150ms]
2023-10-10 22:38:11.421 [info] > git status -z -uall [74ms]
2023-10-10 22:38:11.534 [info] > git check-ignore -v -z --stdin [23ms]
2023-10-10 22:38:12.970 [info] > git check-ignore -v -z --stdin [4ms]
2023-10-10 22:39:01.985 [info] > git config --get commit.template [8ms]
2023-10-10 22:39:02.011 [info] > git for-each-ref --format=%(refname)%00%(upstream:short)%00%(objectname)%00%(upstream:track)%00%(upstream:remotename)%00%(upstream:remoteref) refs/heads/main refs/remotes/main [4ms]
2023-10-10 22:39:02.033 [info] > git status -z -uall [8ms]
2023-10-10 22:40:22.837 [info] > git config --get commit.template [40ms]
2023-10-10 22:40:22.839 [info] > git for-each-ref --format=%(refname)%00%(upstream:short)%00%(objectname)%00%(upstream:track)%00%(upstream:remotename)%00%(upstream:remoteref) refs/heads/main refs/remotes/main [5ms]
2023-10-10 22:40:22.873 [info] > git status -z -uall [14ms]
2023-10-10 22:41:40.168 [info] > git config --get commit.template [19ms]
2023-10-10 22:41:40.324 [info] > git for-each-ref --format=%(refname)%00%(upstream:short)%00%(objectname)%00%(upstream:track)%00%(upstream:remotename)%00%(upstream:remoteref) refs/heads/main refs/remotes/main [27ms]
2023-10-10 22:41:40.398 [info] > git status -z -uall [19ms]
2023-10-10 22:43:02.794 [info] > git config --get commit.template [50ms]
2023-10-10 22:43:02.806 [info] > git for-each-ref --format=%(refname)%00%(upstream:short)%00%(objectname)%00%(upstream:track)%00%(upstream:remotename)%00%(upstream:remoteref) refs/heads/main refs/remotes/main [13ms]
2023-10-10 22:43:02.863 [info] > git status -z -uall [21ms]
2023-10-10 22:44:15.905 [info] > git check-ignore -v -z --stdin [5ms]
2023-10-10 22:45:38.499 [info] > git check-ignore -v -z --stdin [11ms]
2023-10-10 22:45:47.358 [info] > git config --get commit.template [156ms]
2023-10-10 22:45:47.411 [info] > git for-each-ref --format=%(refname)%00%(upstream:short)%00%(objectname)%00%(upstream:track)%00%(upstream:remotename)%00%(upstream:remoteref) refs/heads/main refs/remotes/main [152ms]
2023-10-10 22:45:47.630 [info] > git status -z -uall [63ms]
2023-10-10 22:47:22.614 [info] > git config --get commit.template [47ms]
2023-10-10 22:47:22.621 [info] > git for-each-ref --format=%(refname)%00%(upstream:short)%00%(objectname)%00%(upstream:track)%00%(upstream:remotename)%00%(upstream:remoteref) refs/heads/main refs/remotes/main [9ms]
2023-10-10 22:47:22.665 [info] > git status -z -uall [12ms]
2023-10-10 23:04:18.533 [info] > git config --get commit.template [87ms]
2023-10-10 23:04:18.550 [info] > git for-each-ref --format=%(refname)%00%(upstream:short)%00%(objectname)%00%(upstream:track)%00%(upstream:remotename)%00%(upstream:remoteref) refs/heads/main refs/remotes/main [22ms]
2023-10-10 23:04:18.833 [info] > git status -z -uall [52ms]
2023-10-10 23:04:24.271 [info] > git config --get commit.template [51ms]
2023-10-10 23:04:24.282 [info] > git for-each-ref --format=%(refname)%00%(upstream:short)%00%(objectname)%00%(upstream:track)%00%(upstream:remotename)%00%(upstream:remoteref) refs/heads/main refs/remotes/main [25ms]
2023-10-10 23:04:24.453 [info] > git status -z -uall [14ms]
2023-10-10 23:04:28.037 [info] > git show --textconv :src/components/Footer.js [81ms]
2023-10-10 23:04:28.043 [info] > git ls-files --stage -- /home/manoj/system/rashtriya-tv/src/components/Footer.js [8ms]
2023-10-10 23:04:28.307 [info] > git cat-file -s 7740fd15fc4d426ed8aa20bdc0d852705ef7e5b1 [17ms]
2023-10-10 23:04:29.374 [info] > git check-ignore -v -z --stdin [9ms]
2023-10-10 23:04:32.592 [info] > git show --textconv :src/app/page.js [104ms]
2023-10-10 23:04:32.821 [info] > git ls-files --stage -- /home/manoj/system/rashtriya-tv/src/app/page.js [233ms]
2023-10-10 23:04:33.225 [info] > git cat-file -s 941d13766cc7b2ad302e8629bb81fd666181ce33 [11ms]
2023-10-10 23:06:05.165 [info] > git config --get commit.template [145ms]
2023-10-10 23:06:05.181 [info] > git for-each-ref --format=%(refname)%00%(upstream:short)%00%(objectname)%00%(upstream:track)%00%(upstream:remotename)%00%(upstream:remoteref) refs/heads/main refs/remotes/main [20ms]
2023-10-10 23:06:05.494 [info] > git status -z -uall [119ms]
2023-10-10 23:06:10.721 [info] > git config --get commit.template [9ms]
2023-10-10 23:06:10.868 [info] > git for-each-ref --format=%(refname)%00%(upstream:short)%00%(objectname)%00%(upstream:track)%00%(upstream:remotename)%00%(upstream:remoteref) refs/heads/main refs/remotes/main [81ms]
2023-10-10 23:06:11.144 [info] > git status -z -uall [29ms]
2023-10-10 23:06:16.470 [info] > git for-each-ref --format=%(refname)%00%(upstream:short)%00%(objectname)%00%(upstream:track)%00%(upstream:remotename)%00%(upstream:remoteref) refs/heads/main refs/remotes/main [27ms]
2023-10-10 23:06:16.471 [info] > git config --get commit.template [96ms]
2023-10-10 23:06:16.683 [info] > git status -z -uall [184ms]
2023-10-10 23:06:22.037 [info] > git config --get commit.template [39ms]
2023-10-10 23:06:22.074 [info] > git for-each-ref --format=%(refname)%00%(upstream:short)%00%(objectname)%00%(upstream:track)%00%(upstream:remotename)%00%(upstream:remoteref) refs/heads/main refs/remotes/main [39ms]
2023-10-10 23:06:22.106 [info] > git status -z -uall [11ms]
2023-10-10 23:06:28.071 [info] > git config --get commit.template [141ms]
2023-10-10 23:06:28.102 [info] > git for-each-ref --format=%(refname)%00%(upstream:short)%00%(objectname)%00%(upstream:track)%00%(upstream:remotename)%00%(upstream:remoteref) refs/heads/main refs/remotes/main [34ms]
2023-10-10 23:06:28.419 [info] > git status -z -uall [153ms]
2023-10-10 23:10:17.201 [info] > git config --get commit.template [80ms]
2023-10-10 23:10:17.213 [info] > git for-each-ref --format=%(refname)%00%(upstream:short)%00%(objectname)%00%(upstream:track)%00%(upstream:remotename)%00%(upstream:remoteref) refs/heads/main refs/remotes/main [15ms]
2023-10-10 23:10:17.265 [info] > git status -z -uall [11ms]
2023-10-10 23:10:41.860 [info] > git config --get commit.template [168ms]
2023-10-10 23:10:41.864 [info] > git for-each-ref --format=%(refname)%00%(upstream:short)%00%(objectname)%00%(upstream:track)%00%(upstream:remotename)%00%(upstream:remoteref) refs/heads/main refs/remotes/main [13ms]
2023-10-10 23:10:42.391 [info] > git status -z -uall [64ms]
2023-10-10 23:12:56.272 [info] > git show --textconv :src/app/page.js [506ms]
2023-10-10 23:12:56.280 [info] > git ls-files --stage -- /home/manoj/system/rashtriya-tv/src/app/page.js [440ms]
2023-10-10 23:12:56.374 [info] > git cat-file -s 941d13766cc7b2ad302e8629bb81fd666181ce33 [12ms]
2023-10-10 23:13:12.309 [info] > git show --textconv :src/app/page.js [76ms]
2023-10-10 23:13:12.313 [info] > git ls-files --stage -- /home/manoj/system/rashtriya-tv/src/app/page.js [27ms]
2023-10-10 23:13:12.372 [info] > git cat-file -s 941d13766cc7b2ad302e8629bb81fd666181ce33 [13ms]
2023-10-10 23:13:18.409 [info] > git config --get commit.template [96ms]
2023-10-10 23:13:18.435 [info] > git for-each-ref --format=%(refname)%00%(upstream:short)%00%(objectname)%00%(upstream:track)%00%(upstream:remotename)%00%(upstream:remoteref) refs/heads/main refs/remotes/main [30ms]
2023-10-10 23:13:18.579 [info] > git status -z -uall [28ms]
2023-10-10 23:13:24.315 [info] > git config --get commit.template [241ms]
2023-10-10 23:13:24.736 [info] > git for-each-ref --format=%(refname)%00%(upstream:short)%00%(objectname)%00%(upstream:track)%00%(upstream:remotename)%00%(upstream:remoteref) refs/heads/main refs/remotes/main [13ms]
2023-10-10 23:13:24.796 [info] > git status -z -uall [36ms]
2023-10-10 23:13:25.993 [info] > git show --textconv :src/app/page.js [48ms]
2023-10-10 23:13:26.007 [info] > git ls-files --stage -- /home/manoj/system/rashtriya-tv/src/app/page.js [17ms]
2023-10-10 23:13:26.049 [info] > git cat-file -s 941d13766cc7b2ad302e8629bb81fd666181ce33 [13ms]
2023-10-10 23:13:29.977 [info] > git config --get commit.template [104ms]
2023-10-10 23:13:29.980 [info] > git for-each-ref --format=%(refname)%00%(upstream:short)%00%(objectname)%00%(upstream:track)%00%(upstream:remotename)%00%(upstream:remoteref) refs/heads/main refs/remotes/main [5ms]
2023-10-10 23:13:30.047 [info] > git status -z -uall [16ms]
2023-10-10 23:13:47.026 [info] > git show --textconv :src/components/Footer.js [134ms]
2023-10-10 23:13:47.051 [info] > git ls-files --stage -- /home/manoj/system/rashtriya-tv/src/components/Footer.js [27ms]
2023-10-10 23:13:47.092 [info] > git cat-file -s 7740fd15fc4d426ed8aa20bdc0d852705ef7e5b1 [15ms]
2023-10-10 23:13:49.197 [info] > git show --textconv :src/app/page.js [365ms]
2023-10-10 23:13:49.553 [info] > git ls-files --stage -- /home/manoj/system/rashtriya-tv/src/app/page.js [430ms]
2023-10-10 23:13:49.810 [info] > git cat-file -s 941d13766cc7b2ad302e8629bb81fd666181ce33 [46ms]
2023-10-10 23:14:28.091 [info] > git config --get commit.template [98ms]
2023-10-10 23:14:28.102 [info] > git for-each-ref --format=%(refname)%00%(upstream:short)%00%(objectname)%00%(upstream:track)%00%(upstream:remotename)%00%(upstream:remoteref) refs/heads/main refs/remotes/main [17ms]
2023-10-10 23:14:28.283 [info] > git status -z -uall [117ms]
2023-10-10 23:14:34.183 [info] > git config --get commit.template [42ms]
2023-10-10 23:14:34.192 [info] > git for-each-ref --format=%(refname)%00%(upstream:short)%00%(objectname)%00%(upstream:track)%00%(upstream:remotename)%00%(upstream:remoteref) refs/heads/main refs/remotes/main [12ms]
2023-10-10 23:14:34.250 [info] > git status -z -uall [22ms]
2023-10-10 23:23:43.909 [info] > git show --textconv :src/app/page.js [64ms]
2023-10-10 23:23:43.919 [info] > git ls-files --stage -- /home/manoj/system/rashtriya-tv/src/app/page.js [30ms]
2023-10-10 23:23:44.028 [info] > git cat-file -s 941d13766cc7b2ad302e8629bb81fd666181ce33 [61ms]
