2023-10-12 20:18:27.334 [info] Reading sessions from keychain...
2023-10-12 20:18:27.334 [info] Getting sessions for all scopes...
2023-10-12 20:18:27.334 [info] Got 0 sessions for ...
2023-10-12 20:18:27.334 [info] Getting sessions for read:user,repo,user:email,workflow...
2023-10-12 20:18:27.334 [info] Got 0 sessions for read:user,repo,user:email,workflow...
2023-10-12 20:18:31.569 [info] Getting sessions for all scopes...
2023-10-12 20:18:31.569 [info] Got 0 sessions for ...
2023-10-12 20:18:39.640 [info] Getting sessions for all scopes...
2023-10-12 20:18:39.640 [info] Got 0 sessions for ...
2023-10-12 21:36:11.152 [info] Reading sessions from keychain...
2023-10-12 21:36:11.158 [info] Getting sessions for all scopes...
2023-10-12 21:36:11.158 [info] Got 0 sessions for ...
2023-10-12 21:36:11.158 [info] Getting sessions for read:user,repo,user:email,workflow...
2023-10-12 21:36:11.158 [info] Got 0 sessions for read:user,repo,user:email,workflow...
2023-10-12 21:36:13.384 [info] Getting sessions for all scopes...
2023-10-12 21:36:13.384 [info] Got 0 sessions for ...
2023-10-12 23:39:04.074 [info] Reading sessions from keychain...
2023-10-12 23:39:04.074 [info] Getting sessions for all scopes...
2023-10-12 23:39:04.075 [info] Got 0 sessions for ...
2023-10-12 23:39:04.075 [info] Getting sessions for read:user,repo,user:email,workflow...
2023-10-12 23:39:04.075 [info] Got 0 sessions for read:user,repo,user:email,workflow...
2023-10-12 23:39:34.622 [info] Getting sessions for all scopes...
2023-10-12 23:39:34.622 [info] Got 0 sessions for ...
2023-10-12 23:39:35.403 [info] Getting sessions for all scopes...
2023-10-12 23:39:35.403 [info] Got 0 sessions for ...
