2023-10-10 22:28:11.408 [info] Added views:workbench.panel.markers.view in workbench.panel.markers
2023-10-10 22:28:11.408 [info] Added views:workbench.panel.output in workbench.panel.output
2023-10-10 22:28:11.408 [info] Added views:terminal in terminal
2023-10-10 22:28:11.408 [info] Added views:outline in workbench.view.explorer
2023-10-10 22:28:11.408 [info] Added views:workbench.scm in workbench.view.scm
2023-10-10 22:28:11.408 [info] Added views:workbench.view.search in workbench.view.search
2023-10-10 22:28:11.408 [info] Added views:timeline in workbench.view.explorer
2023-10-10 22:28:11.408 [info] Added views:workbench.explorer.emptyView in workbench.view.explorer
2023-10-10 22:28:13.137 [info] Added views:workbench.debug.welcome in workbench.view.debug
2023-10-10 22:28:13.231 [info] Added views:workbench.panel.repl.view in workbench.panel.repl
2023-10-10 22:28:13.695 [info] Added views:~remote.forwardedPorts in ~remote.forwardedPortsContainer
2023-10-10 22:28:28.409 [info] Added views:workbench.panel.markers.view in workbench.panel.markers
2023-10-10 22:28:28.409 [info] Added views:workbench.panel.output in workbench.panel.output
2023-10-10 22:28:28.409 [info] Added views:terminal in terminal
2023-10-10 22:28:28.409 [info] Added views:outline in workbench.view.explorer
2023-10-10 22:28:28.409 [info] Added views:workbench.scm in workbench.view.scm
2023-10-10 22:28:28.409 [info] Added views:workbench.view.search in workbench.view.search
2023-10-10 22:28:28.409 [info] Added views:timeline in workbench.view.explorer
2023-10-10 22:28:28.409 [info] Added views:workbench.explorer.fileView in workbench.view.explorer
2023-10-10 22:28:30.586 [info] Added views:workbench.debug.variablesView,workbench.debug.watchExpressionsView,workbench.debug.callStackView,workbench.debug.breakPointsView in workbench.view.debug
2023-10-10 22:28:31.561 [info] Added views:~remote.forwardedPorts in ~remote.forwardedPortsContainer
2023-10-10 22:28:31.972 [info] Added views:workbench.panel.repl.view in workbench.panel.repl
2023-10-10 22:28:31.978 [info] Removed views:workbench.debug.breakPointsView,workbench.debug.callStackView,workbench.debug.watchExpressionsView,workbench.debug.variablesView from workbench.view.debug
2023-10-10 22:28:31.981 [info] Added views:workbench.debug.welcome in workbench.view.debug
2023-10-10 22:29:30.206 [info] Added views:workbench.views.extensions.installed,workbench.views.extensions.popular,extensions.recommendedList in workbench.view.extensions
2023-10-10 22:29:30.236 [info] Removed views:workbench.views.extensions.popular from workbench.view.extensions
2023-10-10 22:29:55.785 [info] Removed views:extensions.recommendedList,workbench.views.extensions.installed from workbench.view.extensions
2023-10-10 22:29:55.861 [info] Added views:workbench.views.extensions.marketplace in workbench.view.extensions
2023-10-10 22:31:37.063 [info] Removed views:workbench.views.extensions.marketplace from workbench.view.extensions
2023-10-10 22:31:37.113 [info] Added views:workbench.views.extensions.installed,extensions.recommendedList in workbench.view.extensions
2023-10-10 22:31:38.255 [info] Removed views:extensions.recommendedList,workbench.views.extensions.installed from workbench.view.extensions
2023-10-10 22:31:38.541 [info] Added views:workbench.views.extensions.marketplace in workbench.view.extensions
2023-10-10 22:35:08.201 [info] Removed views:workbench.views.extensions.marketplace from workbench.view.extensions
2023-10-10 22:35:08.328 [info] Added views:workbench.views.extensions.installed,extensions.recommendedList in workbench.view.extensions
