2023-10-12 20:17:36.300 [info] Added views:workbench.panel.markers.view in workbench.panel.markers
2023-10-12 20:17:36.300 [info] Added views:workbench.panel.output in workbench.panel.output
2023-10-12 20:17:36.300 [info] Added views:terminal in terminal
2023-10-12 20:17:36.300 [info] Added views:outline in workbench.view.explorer
2023-10-12 20:17:36.300 [info] Added views:workbench.scm in workbench.view.scm
2023-10-12 20:17:36.300 [info] Added views:workbench.view.search in workbench.view.search
2023-10-12 20:17:36.300 [info] Added views:timeline in workbench.view.explorer
2023-10-12 20:17:36.300 [info] Added views:workbench.explorer.fileView in workbench.view.explorer
2023-10-12 20:17:39.668 [info] Added views:workbench.debug.welcome in workbench.view.debug
2023-10-12 20:17:39.669 [info] Added views:workbench.debug.breakPointsView in workbench.view.debug
2023-10-12 20:17:52.851 [info] Added views:workbench.panel.repl.view in workbench.panel.repl
2023-10-12 20:18:43.693 [info] Added views:~remote.forwardedPorts in ~remote.forwardedPortsContainer
2023-10-12 21:13:21.907 [info] Added views:workbench.panel.markers.view in workbench.panel.markers
2023-10-12 21:13:21.945 [info] Added views:workbench.panel.output in workbench.panel.output
2023-10-12 21:13:21.945 [info] Added views:terminal in terminal
2023-10-12 21:13:21.945 [info] Added views:outline in workbench.view.explorer
2023-10-12 21:13:21.945 [info] Added views:workbench.scm in workbench.view.scm
2023-10-12 21:13:21.945 [info] Added views:workbench.view.search in workbench.view.search
2023-10-12 21:13:21.945 [info] Added views:timeline in workbench.view.explorer
2023-10-12 21:13:21.945 [info] Added views:workbench.explorer.emptyView in workbench.view.explorer
2023-10-12 21:13:24.021 [info] Added views:workbench.debug.variablesView,workbench.debug.watchExpressionsView,workbench.debug.callStackView,workbench.debug.breakPointsView in workbench.view.debug
2023-10-12 21:13:24.300 [info] Added views:~remote.forwardedPorts in ~remote.forwardedPortsContainer
2023-10-12 21:13:29.969 [info] Added views:workbench.panel.repl.view in workbench.panel.repl
2023-10-12 21:13:29.969 [info] Removed views:workbench.debug.breakPointsView,workbench.debug.callStackView,workbench.debug.watchExpressionsView,workbench.debug.variablesView from workbench.view.debug
2023-10-12 21:13:29.970 [info] Added views:workbench.debug.welcome in workbench.view.debug
2023-10-12 21:28:04.700 [info] Added views:workbench.panel.markers.view in workbench.panel.markers
2023-10-12 21:28:04.700 [info] Added views:workbench.panel.output in workbench.panel.output
2023-10-12 21:28:04.700 [info] Added views:terminal in terminal
2023-10-12 21:28:04.700 [info] Added views:outline in workbench.view.explorer
2023-10-12 21:28:04.700 [info] Added views:workbench.scm in workbench.view.scm
2023-10-12 21:28:04.700 [info] Added views:workbench.view.search in workbench.view.search
2023-10-12 21:28:04.700 [info] Added views:timeline in workbench.view.explorer
2023-10-12 21:28:04.700 [info] Added views:workbench.explorer.fileView in workbench.view.explorer
2023-10-12 21:28:07.618 [info] Added views:workbench.debug.variablesView,workbench.debug.watchExpressionsView,workbench.debug.callStackView,workbench.debug.breakPointsView in workbench.view.debug
2023-10-12 21:28:08.455 [info] Added views:workbench.panel.repl.view in workbench.panel.repl
2023-10-12 21:28:08.485 [info] Removed views:workbench.debug.breakPointsView,workbench.debug.callStackView,workbench.debug.watchExpressionsView,workbench.debug.variablesView from workbench.view.debug
2023-10-12 21:28:08.502 [info] Added views:workbench.debug.welcome in workbench.view.debug
2023-10-12 21:28:12.327 [info] Added views:~remote.forwardedPorts in ~remote.forwardedPortsContainer
2023-10-12 21:34:39.128 [info] Added views:workbench.panel.markers.view in workbench.panel.markers
2023-10-12 21:34:39.128 [info] Added views:workbench.panel.output in workbench.panel.output
2023-10-12 21:34:39.128 [info] Added views:terminal in terminal
2023-10-12 21:34:39.128 [info] Added views:outline in workbench.view.explorer
2023-10-12 21:34:39.129 [info] Added views:workbench.scm in workbench.view.scm
2023-10-12 21:34:39.129 [info] Added views:workbench.view.search in workbench.view.search
2023-10-12 21:34:39.129 [info] Added views:timeline in workbench.view.explorer
2023-10-12 21:34:39.129 [info] Added views:workbench.explorer.emptyView in workbench.view.explorer
2023-10-12 21:34:41.274 [info] Added views:workbench.debug.variablesView,workbench.debug.watchExpressionsView,workbench.debug.callStackView,workbench.debug.breakPointsView in workbench.view.debug
2023-10-12 21:34:42.693 [info] Added views:~remote.forwardedPorts in ~remote.forwardedPortsContainer
2023-10-12 21:34:43.953 [info] Added views:workbench.panel.repl.view in workbench.panel.repl
2023-10-12 21:34:43.960 [info] Removed views:workbench.debug.breakPointsView,workbench.debug.callStackView,workbench.debug.watchExpressionsView,workbench.debug.variablesView from workbench.view.debug
2023-10-12 21:34:43.962 [info] Added views:workbench.debug.welcome in workbench.view.debug
2023-10-12 21:35:36.111 [info] Added views:workbench.panel.markers.view in workbench.panel.markers
2023-10-12 21:35:36.111 [info] Added views:workbench.panel.output in workbench.panel.output
2023-10-12 21:35:36.111 [info] Added views:terminal in terminal
2023-10-12 21:35:36.111 [info] Added views:outline in workbench.view.explorer
2023-10-12 21:35:36.111 [info] Added views:workbench.scm in workbench.view.scm
2023-10-12 21:35:36.111 [info] Added views:workbench.view.search in workbench.view.search
2023-10-12 21:35:36.111 [info] Added views:timeline in workbench.view.explorer
2023-10-12 21:35:36.111 [info] Added views:workbench.explorer.fileView in workbench.view.explorer
2023-10-12 21:35:41.493 [info] Added views:workbench.debug.welcome in workbench.view.debug
2023-10-12 21:35:49.639 [info] Added views:workbench.panel.repl.view in workbench.panel.repl
2023-10-12 21:36:09.602 [info] Added views:~remote.forwardedPorts in ~remote.forwardedPortsContainer
2023-10-12 23:38:30.791 [info] Added views:workbench.panel.output in workbench.panel.output
2023-10-12 23:38:30.792 [info] Added views:workbench.panel.markers.view in workbench.panel.markers
2023-10-12 23:38:30.792 [info] Added views:terminal in terminal
2023-10-12 23:38:30.792 [info] Added views:outline in workbench.view.explorer
2023-10-12 23:38:30.792 [info] Added views:workbench.scm in workbench.view.scm
2023-10-12 23:38:30.792 [info] Added views:workbench.view.search in workbench.view.search
2023-10-12 23:38:30.792 [info] Added views:timeline in workbench.view.explorer
2023-10-12 23:38:30.792 [info] Added views:workbench.explorer.emptyView in workbench.view.explorer
2023-10-12 23:38:33.032 [info] Added views:workbench.debug.variablesView,workbench.debug.watchExpressionsView,workbench.debug.callStackView,workbench.debug.breakPointsView in workbench.view.debug
2023-10-12 23:38:34.308 [info] Added views:workbench.panel.repl.view in workbench.panel.repl
2023-10-12 23:38:34.314 [info] Removed views:workbench.debug.breakPointsView,workbench.debug.callStackView,workbench.debug.watchExpressionsView,workbench.debug.variablesView from workbench.view.debug
2023-10-12 23:38:34.316 [info] Added views:workbench.debug.welcome in workbench.view.debug
2023-10-12 23:38:35.358 [info] Added views:~remote.forwardedPorts in ~remote.forwardedPortsContainer
2023-10-12 23:38:46.399 [info] Added views:workbench.panel.markers.view in workbench.panel.markers
2023-10-12 23:38:46.399 [info] Added views:workbench.panel.output in workbench.panel.output
2023-10-12 23:38:46.399 [info] Added views:terminal in terminal
2023-10-12 23:38:46.399 [info] Added views:outline in workbench.view.explorer
2023-10-12 23:38:46.399 [info] Added views:workbench.scm in workbench.view.scm
2023-10-12 23:38:46.399 [info] Added views:workbench.view.search in workbench.view.search
2023-10-12 23:38:46.399 [info] Added views:timeline in workbench.view.explorer
2023-10-12 23:38:46.399 [info] Added views:workbench.explorer.fileView in workbench.view.explorer
2023-10-12 23:38:48.380 [info] Added views:workbench.debug.welcome in workbench.view.debug
2023-10-12 23:38:48.392 [info] Added views:workbench.debug.breakPointsView in workbench.view.debug
2023-10-12 23:38:51.556 [info] Added views:workbench.panel.repl.view in workbench.panel.repl
2023-10-12 23:39:31.292 [info] Added views:~remote.forwardedPorts in ~remote.forwardedPortsContainer
