2023-10-10 23:27:38.548 [info] Log level: Info
2023-10-10 23:27:38.548 [info] Validating found git in: "git"
2023-10-10 23:27:38.548 [info] Using git "2.42.0" from "git"
2023-10-10 23:27:38.548 [info] > git rev-parse --show-toplevel [87ms]
2023-10-10 23:27:38.663 [info] > git rev-parse --git-dir --git-common-dir [27ms]
2023-10-10 23:27:38.739 [info] Open repository: /home/manoj/system/rashtriya-tv
2023-10-10 23:27:41.216 [info] > git rev-parse --show-toplevel [2058ms]
2023-10-10 23:27:41.221 [info] > git config --get commit.template [2254ms]
2023-10-10 23:27:42.743 [info] > git check-ignore -v -z --stdin [330ms]
2023-10-10 23:27:42.779 [info] > git rev-parse --show-toplevel [804ms]
2023-10-10 23:27:42.931 [info] > git for-each-ref --format=%(refname)%00%(upstream:short)%00%(objectname)%00%(upstream:track)%00%(upstream:remotename)%00%(upstream:remoteref) refs/heads/main refs/remotes/main [295ms]
2023-10-10 23:27:43.163 [info] > git status -z -uall [142ms]
2023-10-10 23:27:43.198 [info] > git rev-parse --show-toplevel [272ms]
2023-10-10 23:27:43.307 [info] > git rev-parse --show-toplevel [21ms]
2023-10-10 23:27:43.311 [info] > git config --get commit.template [60ms]
2023-10-10 23:27:43.348 [info] > git for-each-ref --format=%(refname)%00%(upstream:short)%00%(objectname)%00%(upstream:track)%00%(upstream:remotename)%00%(upstream:remoteref) refs/heads/main refs/remotes/main [11ms]
2023-10-10 23:27:43.427 [info] > git status -z -uall [26ms]
2023-10-10 23:28:04.163 [info] > git show --textconv :src/app/page.js [207ms]
2023-10-10 23:28:04.185 [info] > git ls-files --stage -- /home/manoj/system/rashtriya-tv/src/app/page.js [26ms]
2023-10-10 23:28:04.250 [info] > git cat-file -s 941d13766cc7b2ad302e8629bb81fd666181ce33 [12ms]
2023-10-10 23:42:16.348 [info] > git config --get commit.template [368ms]
2023-10-10 23:42:16.434 [info] > git for-each-ref --format=%(refname)%00%(upstream:short)%00%(objectname)%00%(upstream:track)%00%(upstream:remotename)%00%(upstream:remoteref) refs/heads/main refs/remotes/main [228ms]
2023-10-10 23:42:16.555 [info] > git status -z -uall [32ms]
2023-10-10 23:42:48.650 [info] > git config --get commit.template [6ms]
2023-10-10 23:42:48.701 [info] > git for-each-ref --format=%(refname)%00%(upstream:short)%00%(objectname)%00%(upstream:track)%00%(upstream:remotename)%00%(upstream:remoteref) refs/heads/main refs/remotes/main [13ms]
2023-10-10 23:42:48.745 [info] > git status -z -uall [12ms]
2023-10-10 23:58:14.452 [info] > git config --get commit.template [48ms]
2023-10-10 23:58:14.473 [info] > git for-each-ref --format=%(refname)%00%(upstream:short)%00%(objectname)%00%(upstream:track)%00%(upstream:remotename)%00%(upstream:remoteref) refs/heads/main refs/remotes/main [28ms]
2023-10-10 23:58:14.528 [info] > git status -z -uall [9ms]
